{"/home/travis/build/npmtest/node-npmtest-modify-babel-preset/test.js":{"path":"/home/travis/build/npmtest/node-npmtest-modify-babel-preset/test.js","s":{"1":2,"2":2,"3":2,"4":2,"5":2,"6":2,"7":2,"8":1,"9":2,"10":2,"11":1,"12":1,"13":1,"14":1,"15":2,"16":2,"17":2,"18":2,"19":1,"20":1,"21":2,"22":2,"23":2,"24":1,"25":1,"26":1,"27":1,"28":1,"29":1,"30":1,"31":1,"32":1,"33":1,"34":1,"35":1,"36":1,"37":1,"38":1,"39":2,"40":2,"41":1,"42":2,"43":2,"44":1,"45":2,"46":2,"47":1,"48":2,"49":2,"50":1,"51":1,"52":1,"53":1,"54":1},"b":{"1":[2,1,1,1],"2":[1,1,1,1],"3":[1,1],"4":[1,1],"5":[1,1],"6":[1,1],"7":[1,1],"8":[1,1],"9":[1,1],"10":[1,1,1],"11":[1,1],"12":[1,1],"13":[1,1],"14":[1,1],"15":[1,1],"16":[1,1],"17":[1,1]},"f":{"1":2,"2":2,"3":2,"4":2,"5":2,"6":1,"7":1,"8":1,"9":2,"10":2,"11":2,"12":2,"13":1},"fnMap":{"1":{"name":"(anonymous_1)","line":12,"loc":{"start":{"line":12,"column":1},"end":{"line":12,"column":13}}},"2":{"name":"(anonymous_2)","line":19,"loc":{"start":{"line":19,"column":5},"end":{"line":19,"column":17}}},"3":{"name":"(anonymous_3)","line":23,"loc":{"start":{"line":23,"column":24},"end":{"line":23,"column":36}}},"4":{"name":"(anonymous_4)","line":61,"loc":{"start":{"line":61,"column":5},"end":{"line":61,"column":17}}},"5":{"name":"(anonymous_5)","line":82,"loc":{"start":{"line":82,"column":5},"end":{"line":82,"column":17}}},"6":{"name":"(anonymous_6)","line":91,"loc":{"start":{"line":91,"column":77},"end":{"line":94,"column":10}}},"7":{"name":"(anonymous_7)","line":112,"loc":{"start":{"line":112,"column":83},"end":{"line":115,"column":10}},"skip":true},"8":{"name":"(anonymous_8)","line":123,"loc":{"start":{"line":123,"column":77},"end":{"line":126,"column":10}},"skip":true},"9":{"name":"(anonymous_9)","line":139,"loc":{"start":{"line":139,"column":12},"end":{"line":139,"column":40}},"skip":true},"10":{"name":"(anonymous_10)","line":147,"loc":{"start":{"line":147,"column":77},"end":{"line":150,"column":10}},"skip":true},"11":{"name":"(anonymous_11)","line":158,"loc":{"start":{"line":158,"column":83},"end":{"line":161,"column":10}},"skip":true},"12":{"name":"(anonymous_12)","line":169,"loc":{"start":{"line":169,"column":79},"end":{"line":172,"column":10}},"skip":true},"13":{"name":"(anonymous_13)","line":180,"loc":{"start":{"line":180,"column":75},"end":{"line":183,"column":10}},"skip":true}},"statementMap":{"1":{"start":{"line":12,"column":0},"end":{"line":195,"column":5}},"2":{"start":{"line":14,"column":4},"end":{"line":14,"column":14}},"3":{"start":{"line":19,"column":4},"end":{"line":56,"column":9}},"4":{"start":{"line":21,"column":8},"end":{"line":21,"column":19}},"5":{"start":{"line":23,"column":8},"end":{"line":35,"column":13}},"6":{"start":{"line":24,"column":12},"end":{"line":34,"column":13}},"7":{"start":{"line":25,"column":16},"end":{"line":28,"column":30}},"8":{"start":{"line":30,"column":16},"end":{"line":33,"column":27}},"9":{"start":{"line":37,"column":8},"end":{"line":39,"column":21}},"10":{"start":{"line":40,"column":8},"end":{"line":53,"column":9}},"11":{"start":{"line":43,"column":12},"end":{"line":46,"column":14}},"12":{"start":{"line":47,"column":12},"end":{"line":47,"column":18}},"13":{"start":{"line":50,"column":12},"end":{"line":51,"column":33}},"14":{"start":{"line":52,"column":12},"end":{"line":52,"column":18}},"15":{"start":{"line":55,"column":8},"end":{"line":55,"column":35}},"16":{"start":{"line":61,"column":4},"end":{"line":63,"column":9}},"17":{"start":{"line":62,"column":8},"end":{"line":62,"column":15}},"18":{"start":{"line":64,"column":4},"end":{"line":77,"column":5}},"19":{"start":{"line":70,"column":8},"end":{"line":70,"column":14}},"20":{"start":{"line":76,"column":8},"end":{"line":76,"column":14}},"21":{"start":{"line":82,"column":4},"end":{"line":84,"column":9}},"22":{"start":{"line":83,"column":8},"end":{"line":83,"column":15}},"23":{"start":{"line":85,"column":4},"end":{"line":194,"column":5}},"24":{"start":{"line":91,"column":8},"end":{"line":99,"column":10}},"25":{"start":{"line":98,"column":12},"end":{"line":98,"column":35}},"26":{"start":{"line":102,"column":8},"end":{"line":104,"column":63}},"27":{"start":{"line":105,"column":8},"end":{"line":105,"column":14}},"28":{"start":{"line":112,"column":8},"end":{"line":121,"column":10},"skip":true},"29":{"start":{"line":119,"column":12},"end":{"line":119,"column":55},"skip":true},"30":{"start":{"line":120,"column":12},"end":{"line":120,"column":48},"skip":true},"31":{"start":{"line":123,"column":8},"end":{"line":136,"column":10},"skip":true},"32":{"start":{"line":130,"column":12},"end":{"line":130,"column":76},"skip":true},"33":{"start":{"line":131,"column":12},"end":{"line":131,"column":73},"skip":true},"34":{"start":{"line":132,"column":12},"end":{"line":132,"column":74},"skip":true},"35":{"start":{"line":133,"column":12},"end":{"line":133,"column":79},"skip":true},"36":{"start":{"line":134,"column":12},"end":{"line":134,"column":25},"skip":true},"37":{"start":{"line":135,"column":12},"end":{"line":135,"column":45},"skip":true},"38":{"start":{"line":138,"column":8},"end":{"line":145,"column":14},"skip":true},"39":{"start":{"line":143,"column":16},"end":{"line":143,"column":29},"skip":true},"40":{"start":{"line":144,"column":16},"end":{"line":144,"column":55},"skip":true},"41":{"start":{"line":147,"column":8},"end":{"line":156,"column":10},"skip":true},"42":{"start":{"line":154,"column":12},"end":{"line":154,"column":25},"skip":true},"43":{"start":{"line":155,"column":12},"end":{"line":155,"column":45},"skip":true},"44":{"start":{"line":158,"column":8},"end":{"line":167,"column":10},"skip":true},"45":{"start":{"line":165,"column":12},"end":{"line":165,"column":25},"skip":true},"46":{"start":{"line":166,"column":12},"end":{"line":166,"column":48},"skip":true},"47":{"start":{"line":169,"column":8},"end":{"line":178,"column":10},"skip":true},"48":{"start":{"line":176,"column":12},"end":{"line":176,"column":25},"skip":true},"49":{"start":{"line":177,"column":12},"end":{"line":177,"column":46},"skip":true},"50":{"start":{"line":180,"column":8},"end":{"line":189,"column":10},"skip":true},"51":{"start":{"line":187,"column":12},"end":{"line":187,"column":94},"skip":true},"52":{"start":{"line":188,"column":12},"end":{"line":188,"column":48},"skip":true},"53":{"start":{"line":192,"column":8},"end":{"line":192,"column":35},"skip":true},"54":{"start":{"line":193,"column":8},"end":{"line":193,"column":14},"skip":true}},"branchMap":{"1":{"line":25,"type":"binary-expr","locations":[{"start":{"line":25,"column":23},"end":{"line":25,"column":62}},{"start":{"line":26,"column":20},"end":{"line":26,"column":70}},{"start":{"line":27,"column":20},"end":{"line":27,"column":71}},{"start":{"line":28,"column":20},"end":{"line":28,"column":29}}]},"2":{"line":30,"type":"binary-expr","locations":[{"start":{"line":30,"column":23},"end":{"line":30,"column":37}},{"start":{"line":31,"column":20},"end":{"line":31,"column":61}},{"start":{"line":32,"column":20},"end":{"line":32,"column":70}},{"start":{"line":33,"column":20},"end":{"line":33,"column":26}}]},"3":{"line":37,"type":"cond-expr","locations":[{"start":{"line":38,"column":14},"end":{"line":38,"column":20}},{"start":{"line":39,"column":14},"end":{"line":39,"column":20}}]},"4":{"line":40,"type":"switch","locations":[{"start":{"line":42,"column":8},"end":{"line":47,"column":18}},{"start":{"line":49,"column":8},"end":{"line":52,"column":18}}]},"5":{"line":44,"type":"binary-expr","locations":[{"start":{"line":44,"column":16},"end":{"line":44,"column":44}},{"start":{"line":44,"column":48},"end":{"line":44,"column":66}}]},"6":{"line":50,"type":"binary-expr","locations":[{"start":{"line":50,"column":21},"end":{"line":50,"column":49}},{"start":{"line":50,"column":53},"end":{"line":50,"column":72}}]},"7":{"line":64,"type":"switch","locations":[{"start":{"line":69,"column":4},"end":{"line":70,"column":14}},{"start":{"line":75,"column":4},"end":{"line":76,"column":14}}]},"8":{"line":85,"type":"switch","locations":[{"start":{"line":90,"column":4},"end":{"line":105,"column":14}},{"start":{"line":111,"column":4},"end":{"line":193,"column":14},"skip":true}]},"9":{"line":91,"type":"binary-expr","locations":[{"start":{"line":91,"column":42},"end":{"line":91,"column":73}},{"start":{"line":91,"column":77},"end":{"line":99,"column":9}}]},"10":{"line":102,"type":"binary-expr","locations":[{"start":{"line":102,"column":18},"end":{"line":102,"column":32}},{"start":{"line":103,"column":12},"end":{"line":103,"column":53}},{"start":{"line":104,"column":12},"end":{"line":104,"column":61}}]},"11":{"line":112,"type":"binary-expr","locations":[{"start":{"line":112,"column":45},"end":{"line":112,"column":79},"skip":true},{"start":{"line":112,"column":83},"end":{"line":121,"column":9},"skip":true}]},"12":{"line":123,"type":"binary-expr","locations":[{"start":{"line":123,"column":42},"end":{"line":123,"column":73},"skip":true},{"start":{"line":123,"column":77},"end":{"line":136,"column":9},"skip":true}]},"13":{"line":138,"type":"binary-expr","locations":[{"start":{"line":138,"column":48},"end":{"line":138,"column":85},"skip":true},{"start":{"line":139,"column":12},"end":{"line":145,"column":13},"skip":true}]},"14":{"line":147,"type":"binary-expr","locations":[{"start":{"line":147,"column":42},"end":{"line":147,"column":73},"skip":true},{"start":{"line":147,"column":77},"end":{"line":156,"column":9},"skip":true}]},"15":{"line":158,"type":"binary-expr","locations":[{"start":{"line":158,"column":45},"end":{"line":158,"column":79},"skip":true},{"start":{"line":158,"column":83},"end":{"line":167,"column":9},"skip":true}]},"16":{"line":169,"type":"binary-expr","locations":[{"start":{"line":169,"column":43},"end":{"line":169,"column":75},"skip":true},{"start":{"line":169,"column":79},"end":{"line":178,"column":9},"skip":true}]},"17":{"line":180,"type":"binary-expr","locations":[{"start":{"line":180,"column":41},"end":{"line":180,"column":71},"skip":true},{"start":{"line":180,"column":75},"end":{"line":189,"column":9},"skip":true}]}},"code":["/* istanbul instrument in package npmtest_modify_babel_preset */","/*jslint","    bitwise: true,","    browser: true,","    maxerr: 8,","    maxlen: 96,","    node: true,","    nomen: true,","    regexp: true,","    stupid: true","*/","(function () {","    'use strict';","    var local;","","","","    // run shared js-env code - pre-init","    (function () {","        // init local","        local = {};","        // init modeJs","        local.modeJs = (function () {","            try {","                return typeof navigator.userAgent === 'string' &&","                    typeof document.querySelector('body') === 'object' &&","                    typeof XMLHttpRequest.prototype.open === 'function' &&","                    'browser';","            } catch (errorCaughtBrowser) {","                return module.exports &&","                    typeof process.versions.node === 'string' &&","                    typeof require('http').createServer === 'function' &&","                    'node';","            }","        }());","        // init global","        local.global = local.modeJs === 'browser'","            ? window","            : global;","        switch (local.modeJs) {","        // re-init local from window.local","        case 'browser':","            local = local.global.utility2.objectSetDefault(","                local.global.utility2_rollup || local.global.local,","                local.global.utility2","            );","            break;","        // re-init local from example.js","        case 'node':","            local = (local.global.utility2_rollup || require('utility2'))","                .requireReadme();","            break;","        }","        // export local","        local.global.local = local;","    }());","","","","    // run shared js-env code - function","    (function () {","        return;","    }());","    switch (local.modeJs) {","","","","    // run browser js-env code - function","    case 'browser':","        break;","","","","    // run node js-env code - function","    case 'node':","        break;","    }","","","","    // run shared js-env code - post-init","    (function () {","        return;","    }());","    switch (local.modeJs) {","","","","    // run browser js-env code - post-init","    case 'browser':","        local.testCase_browser_nullCase = local.testCase_browser_nullCase || function (","            options,","            onError","        ) {","        /*","         * this function will test browsers's null-case handling-behavior-behavior","         */","            onError(null, options);","        };","","        // run tests","        local.nop(local.modeTest &&","            document.querySelector('#testRunButton1') &&","            document.querySelector('#testRunButton1').click());","        break;","","","","    // run node js-env code - post-init","    /* istanbul ignore next */","    case 'node':","        local.testCase_buildApidoc_default = local.testCase_buildApidoc_default || function (","            options,","            onError","        ) {","        /*","         * this function will test buildApidoc's default handling-behavior-behavior","         */","            options = { modulePathList: module.paths };","            local.buildApidoc(options, onError);","        };","","        local.testCase_buildApp_default = local.testCase_buildApp_default || function (","            options,","            onError","        ) {","        /*","         * this function will test buildApp's default handling-behavior-behavior","         */","            local.testCase_buildReadme_default(options, local.onErrorThrow);","            local.testCase_buildLib_default(options, local.onErrorThrow);","            local.testCase_buildTest_default(options, local.onErrorThrow);","            local.testCase_buildCustomOrg_default(options, local.onErrorThrow);","            options = [];","            local.buildApp(options, onError);","        };","","        local.testCase_buildCustomOrg_default = local.testCase_buildCustomOrg_default ||","            function (options, onError) {","            /*","             * this function will test buildCustomOrg's default handling-behavior","             */","                options = {};","                local.buildCustomOrg(options, onError);","            };","","        local.testCase_buildLib_default = local.testCase_buildLib_default || function (","            options,","            onError","        ) {","        /*","         * this function will test buildLib's default handling-behavior","         */","            options = {};","            local.buildLib(options, onError);","        };","","        local.testCase_buildReadme_default = local.testCase_buildReadme_default || function (","            options,","            onError","        ) {","        /*","         * this function will test buildReadme's default handling-behavior-behavior","         */","            options = {};","            local.buildReadme(options, onError);","        };","","        local.testCase_buildTest_default = local.testCase_buildTest_default || function (","            options,","            onError","        ) {","        /*","         * this function will test buildTest's default handling-behavior","         */","            options = {};","            local.buildTest(options, onError);","        };","","        local.testCase_webpage_default = local.testCase_webpage_default || function (","            options,","            onError","        ) {","        /*","         * this function will test webpage's default handling-behavior","         */","            options = { modeCoverageMerge: true, url: local.serverLocalHost + '?modeTest=1' };","            local.browserTest(options, onError);","        };","","        // run test-server","        local.testRunServer(local);","        break;","    }","}());",""],"l":{"12":2,"14":2,"19":2,"21":2,"23":2,"24":2,"25":2,"30":1,"37":2,"40":2,"43":1,"47":1,"50":1,"52":1,"55":2,"61":2,"62":2,"64":2,"70":1,"76":1,"82":2,"83":2,"85":2,"91":1,"98":1,"102":1,"105":1,"112":1,"119":1,"120":1,"123":1,"130":1,"131":1,"132":1,"133":1,"134":1,"135":1,"138":1,"143":2,"144":2,"147":1,"154":2,"155":2,"158":1,"165":2,"166":2,"169":1,"176":2,"177":2,"180":1,"187":1,"188":1,"192":1,"193":1}},"/home/travis/build/npmtest/node-npmtest-modify-babel-preset/lib.npmtest_modify_babel_preset.js":{"path":"/home/travis/build/npmtest/node-npmtest-modify-babel-preset/lib.npmtest_modify_babel_preset.js","s":{"1":2,"2":2,"3":2,"4":2,"5":2,"6":2,"7":2,"8":1,"9":2,"10":2,"11":2,"12":2,"13":1,"14":1,"15":1,"16":1},"b":{"1":[2,1,1,1],"2":[1,1,1,1],"3":[1,1],"4":[2,2],"5":[1,1]},"f":{"1":2,"2":2,"3":2},"fnMap":{"1":{"name":"(anonymous_1)","line":12,"loc":{"start":{"line":12,"column":1},"end":{"line":12,"column":13}}},"2":{"name":"(anonymous_2)","line":19,"loc":{"start":{"line":19,"column":5},"end":{"line":19,"column":17}}},"3":{"name":"(anonymous_3)","line":23,"loc":{"start":{"line":23,"column":24},"end":{"line":23,"column":36}}}},"statementMap":{"1":{"start":{"line":12,"column":0},"end":{"line":53,"column":5}},"2":{"start":{"line":14,"column":4},"end":{"line":14,"column":14}},"3":{"start":{"line":19,"column":4},"end":{"line":52,"column":9}},"4":{"start":{"line":21,"column":8},"end":{"line":21,"column":19}},"5":{"start":{"line":23,"column":8},"end":{"line":35,"column":13}},"6":{"start":{"line":24,"column":12},"end":{"line":34,"column":13}},"7":{"start":{"line":25,"column":16},"end":{"line":28,"column":30}},"8":{"start":{"line":30,"column":16},"end":{"line":33,"column":27}},"9":{"start":{"line":37,"column":8},"end":{"line":39,"column":21}},"10":{"start":{"line":41,"column":8},"end":{"line":41,"column":54}},"11":{"start":{"line":43,"column":8},"end":{"line":43,"column":64}},"12":{"start":{"line":45,"column":8},"end":{"line":51,"column":9}},"13":{"start":{"line":46,"column":12},"end":{"line":46,"column":70}},"14":{"start":{"line":48,"column":12},"end":{"line":48,"column":35}},"15":{"start":{"line":49,"column":12},"end":{"line":49,"column":49}},"16":{"start":{"line":50,"column":12},"end":{"line":50,"column":43}}},"branchMap":{"1":{"line":25,"type":"binary-expr","locations":[{"start":{"line":25,"column":23},"end":{"line":25,"column":62}},{"start":{"line":26,"column":20},"end":{"line":26,"column":70}},{"start":{"line":27,"column":20},"end":{"line":27,"column":71}},{"start":{"line":28,"column":20},"end":{"line":28,"column":29}}]},"2":{"line":30,"type":"binary-expr","locations":[{"start":{"line":30,"column":23},"end":{"line":30,"column":37}},{"start":{"line":31,"column":20},"end":{"line":31,"column":61}},{"start":{"line":32,"column":20},"end":{"line":32,"column":70}},{"start":{"line":33,"column":20},"end":{"line":33,"column":26}}]},"3":{"line":37,"type":"cond-expr","locations":[{"start":{"line":38,"column":14},"end":{"line":38,"column":20}},{"start":{"line":39,"column":14},"end":{"line":39,"column":20}}]},"4":{"line":41,"type":"binary-expr","locations":[{"start":{"line":41,"column":16},"end":{"line":41,"column":44}},{"start":{"line":41,"column":48},"end":{"line":41,"column":53}}]},"5":{"line":45,"type":"if","locations":[{"start":{"line":45,"column":8},"end":{"line":45,"column":8}},{"start":{"line":45,"column":8},"end":{"line":45,"column":8}}]}},"code":["/* istanbul instrument in package npmtest_modify_babel_preset */","/*jslint","    bitwise: true,","    browser: true,","    maxerr: 8,","    maxlen: 96,","    node: true,","    nomen: true,","    regexp: true,","    stupid: true","*/","(function () {","    'use strict';","    var local;","","","","    // run shared js-env code - pre-init","    (function () {","        // init local","        local = {};","        // init modeJs","        local.modeJs = (function () {","            try {","                return typeof navigator.userAgent === 'string' &&","                    typeof document.querySelector('body') === 'object' &&","                    typeof XMLHttpRequest.prototype.open === 'function' &&","                    'browser';","            } catch (errorCaughtBrowser) {","                return module.exports &&","                    typeof process.versions.node === 'string' &&","                    typeof require('http').createServer === 'function' &&","                    'node';","            }","        }());","        // init global","        local.global = local.modeJs === 'browser'","            ? window","            : global;","        // init utility2_rollup","        local = local.global.utility2_rollup || local;","        // init lib","        local.local = local.npmtest_modify_babel_preset = local;","        // init exports","        if (local.modeJs === 'browser') {","            local.global.utility2_npmtest_modify_babel_preset = local;","        } else {","            module.exports = local;","            module.exports.__dirname = __dirname;","            module.exports.module = module;","        }","    }());","}());",""],"l":{"12":2,"14":2,"19":2,"21":2,"23":2,"24":2,"25":2,"30":1,"37":2,"41":2,"43":2,"45":2,"46":1,"48":1,"49":1,"50":1}},"/home/travis/build/npmtest/node-npmtest-modify-babel-preset/example.js":{"path":"/home/travis/build/npmtest/node-npmtest-modify-babel-preset/example.js","s":{"1":2,"2":2,"3":2,"4":2,"5":2,"6":2,"7":2,"8":1,"9":2,"10":2,"11":2,"12":2,"13":1,"14":2,"15":2,"16":2,"17":2,"18":2,"19":0,"20":2,"21":1,"22":1,"23":1,"24":1,"25":1,"26":0,"27":0,"28":1,"29":1,"30":2,"31":0,"32":0,"33":0,"34":1,"35":2,"36":2,"37":3,"38":3,"39":3,"40":3,"41":0,"42":3,"43":3,"44":3,"45":1,"46":3,"47":1,"48":1,"49":1,"50":1,"51":1,"52":1,"53":1,"54":1,"55":1,"56":1,"57":0,"58":1,"59":6,"60":6,"61":1,"62":2,"63":0,"64":2,"65":1,"66":1,"67":0,"68":0,"69":0,"70":0,"71":0,"72":0,"73":0,"74":0,"75":0,"76":0,"77":0,"78":0,"79":0,"80":0,"81":0,"82":0,"83":0},"b":{"1":[2,1,1,1],"2":[1,1,1,1],"3":[1,1],"4":[2,2],"5":[1,1],"6":[1,1],"7":[2,0],"8":[2,1,1,1,1,1],"9":[0,2,0],"10":[1,1],"11":[2,1,1],"12":[1,0],"13":[0,2],"14":[2,0,0,0,0,0,0],"15":[0,3],"16":[3,0],"17":[1,1],"18":[0,1],"19":[1,2,0,2],"20":[1,0],"21":[1,1],"22":[0,0],"23":[0,0],"24":[0,0],"25":[0,0],"26":[0,0],"27":[0,0],"28":[0,0]},"f":{"1":2,"2":2,"3":2,"4":2,"5":2,"6":2,"7":3,"8":3,"9":3,"10":1,"11":6,"12":0},"fnMap":{"1":{"name":"(anonymous_1)","line":26,"loc":{"start":{"line":26,"column":1},"end":{"line":26,"column":13}}},"2":{"name":"(anonymous_2)","line":33,"loc":{"start":{"line":33,"column":5},"end":{"line":33,"column":17}}},"3":{"name":"(anonymous_3)","line":37,"loc":{"start":{"line":37,"column":24},"end":{"line":37,"column":36}}},"4":{"name":"(anonymous_4)","line":69,"loc":{"start":{"line":69,"column":31},"end":{"line":69,"column":48}},"skip":true},"5":{"name":"(anonymous_5)","line":78,"loc":{"start":{"line":78,"column":26},"end":{"line":78,"column":45}},"skip":true},"6":{"name":"(anonymous_6)","line":123,"loc":{"start":{"line":123,"column":33},"end":{"line":123,"column":48}},"skip":true},"7":{"name":"(anonymous_7)","line":125,"loc":{"start":{"line":125,"column":27},"end":{"line":125,"column":39}},"skip":true},"8":{"name":"(anonymous_8)","line":133,"loc":{"start":{"line":133,"column":59},"end":{"line":133,"column":74}},"skip":true},"9":{"name":"(anonymous_9)","line":143,"loc":{"start":{"line":143,"column":45},"end":{"line":143,"column":62}},"skip":true},"10":{"name":"(anonymous_10)","line":144,"loc":{"start":{"line":144,"column":73},"end":{"line":144,"column":92}},"skip":true},"11":{"name":"(anonymous_11)","line":272,"loc":{"start":{"line":272,"column":51},"end":{"line":272,"column":77}},"skip":true},"12":{"name":"(anonymous_12)","line":315,"loc":{"start":{"line":315,"column":32},"end":{"line":315,"column":61}},"skip":true}},"statementMap":{"1":{"start":{"line":26,"column":0},"end":{"line":326,"column":5}},"2":{"start":{"line":28,"column":4},"end":{"line":28,"column":14}},"3":{"start":{"line":33,"column":4},"end":{"line":60,"column":9}},"4":{"start":{"line":35,"column":8},"end":{"line":35,"column":19}},"5":{"start":{"line":37,"column":8},"end":{"line":49,"column":13}},"6":{"start":{"line":38,"column":12},"end":{"line":48,"column":13}},"7":{"start":{"line":39,"column":16},"end":{"line":42,"column":30}},"8":{"start":{"line":44,"column":16},"end":{"line":47,"column":27}},"9":{"start":{"line":51,"column":8},"end":{"line":53,"column":21}},"10":{"start":{"line":55,"column":8},"end":{"line":57,"column":45}},"11":{"start":{"line":59,"column":8},"end":{"line":59,"column":35}},"12":{"start":{"line":61,"column":4},"end":{"line":325,"column":5}},"13":{"start":{"line":69,"column":8},"end":{"line":121,"column":10},"skip":true},"14":{"start":{"line":70,"column":12},"end":{"line":88,"column":13},"skip":true},"15":{"start":{"line":76,"column":16},"end":{"line":87,"column":19},"skip":true},"16":{"start":{"line":79,"column":20},"end":{"line":86,"column":21},"skip":true},"17":{"start":{"line":82,"column":24},"end":{"line":82,"column":43},"skip":true},"18":{"start":{"line":83,"column":24},"end":{"line":83,"column":30},"skip":true},"19":{"start":{"line":85,"column":24},"end":{"line":85,"column":49},"skip":true},"20":{"start":{"line":89,"column":12},"end":{"line":107,"column":13},"skip":true},"21":{"start":{"line":92,"column":16},"end":{"line":102,"column":17},"skip":true},"22":{"start":{"line":93,"column":20},"end":{"line":93,"column":86},"skip":true},"23":{"start":{"line":94,"column":20},"end":{"line":95,"column":45},"skip":true},"24":{"start":{"line":96,"column":20},"end":{"line":96,"column":42},"skip":true},"25":{"start":{"line":97,"column":20},"end":{"line":97,"column":48},"skip":true},"26":{"start":{"line":100,"column":20},"end":{"line":100,"column":85},"skip":true},"27":{"start":{"line":101,"column":20},"end":{"line":101,"column":96},"skip":true},"28":{"start":{"line":103,"column":16},"end":{"line":103,"column":22},"skip":true},"29":{"start":{"line":106,"column":16},"end":{"line":106,"column":22},"skip":true},"30":{"start":{"line":108,"column":12},"end":{"line":120,"column":13},"skip":true},"31":{"start":{"line":114,"column":16},"end":{"line":119,"column":17},"skip":true},"32":{"start":{"line":116,"column":20},"end":{"line":116,"column":78},"skip":true},"33":{"start":{"line":118,"column":20},"end":{"line":118,"column":47},"skip":true},"34":{"start":{"line":123,"column":8},"end":{"line":141,"column":11},"skip":true},"35":{"start":{"line":124,"column":12},"end":{"line":124,"column":54},"skip":true},"36":{"start":{"line":125,"column":12},"end":{"line":140,"column":14},"skip":true},"37":{"start":{"line":126,"column":16},"end":{"line":126,"column":28},"skip":true},"38":{"start":{"line":127,"column":16},"end":{"line":127,"column":69},"skip":true},"39":{"start":{"line":128,"column":16},"end":{"line":128,"column":75},"skip":true},"40":{"start":{"line":129,"column":16},"end":{"line":131,"column":17},"skip":true},"41":{"start":{"line":130,"column":20},"end":{"line":130,"column":27},"skip":true},"42":{"start":{"line":133,"column":16},"end":{"line":137,"column":36},"skip":true},"43":{"start":{"line":134,"column":20},"end":{"line":136,"column":55},"skip":true},"44":{"start":{"line":139,"column":16},"end":{"line":139,"column":57},"skip":true},"45":{"start":{"line":143,"column":8},"end":{"line":147,"column":11},"skip":true},"46":{"start":{"line":144,"column":12},"end":{"line":146,"column":15},"skip":true},"47":{"start":{"line":145,"column":16},"end":{"line":145,"column":70},"skip":true},"48":{"start":{"line":149,"column":8},"end":{"line":149,"column":31},"skip":true},"49":{"start":{"line":150,"column":8},"end":{"line":150,"column":14},"skip":true},"50":{"start":{"line":158,"column":8},"end":{"line":158,"column":31},"skip":true},"51":{"start":{"line":160,"column":8},"end":{"line":160,"column":33},"skip":true},"52":{"start":{"line":161,"column":8},"end":{"line":161,"column":37},"skip":true},"53":{"start":{"line":162,"column":8},"end":{"line":162,"column":35},"skip":true},"54":{"start":{"line":164,"column":8},"end":{"line":164,"column":50},"skip":true},"55":{"start":{"line":166,"column":8},"end":{"line":256,"column":2},"skip":true},"56":{"start":{"line":258,"column":8},"end":{"line":286,"column":9},"skip":true},"57":{"start":{"line":259,"column":12},"end":{"line":269,"column":14},"skip":true},"58":{"start":{"line":271,"column":12},"end":{"line":285,"column":19},"skip":true},"59":{"start":{"line":274,"column":20},"end":{"line":274,"column":35},"skip":true},"60":{"start":{"line":275,"column":20},"end":{"line":284,"column":21},"skip":true},"61":{"start":{"line":277,"column":24},"end":{"line":277,"column":64},"skip":true},"62":{"start":{"line":279,"column":24},"end":{"line":279,"column":40},"skip":true},"63":{"start":{"line":281,"column":24},"end":{"line":281,"column":40},"skip":true},"64":{"start":{"line":283,"column":24},"end":{"line":283,"column":39},"skip":true},"65":{"start":{"line":288,"column":8},"end":{"line":290,"column":9},"skip":true},"66":{"start":{"line":289,"column":12},"end":{"line":289,"column":18},"skip":true},"67":{"start":{"line":291,"column":8},"end":{"line":293,"column":54},"skip":true},"68":{"start":{"line":296,"column":8},"end":{"line":301,"column":37},"skip":true},"69":{"start":{"line":303,"column":8},"end":{"line":303,"column":82},"skip":true},"70":{"start":{"line":306,"column":8},"end":{"line":308,"column":9},"skip":true},"71":{"start":{"line":307,"column":12},"end":{"line":307,"column":82},"skip":true},"72":{"start":{"line":310,"column":8},"end":{"line":312,"column":9},"skip":true},"73":{"start":{"line":311,"column":12},"end":{"line":311,"column":18},"skip":true},"74":{"start":{"line":313,"column":8},"end":{"line":313,"column":54},"skip":true},"75":{"start":{"line":314,"column":8},"end":{"line":314,"column":69},"skip":true},"76":{"start":{"line":315,"column":8},"end":{"line":323,"column":36},"skip":true},"77":{"start":{"line":316,"column":12},"end":{"line":316,"column":61},"skip":true},"78":{"start":{"line":317,"column":12},"end":{"line":320,"column":13},"skip":true},"79":{"start":{"line":318,"column":16},"end":{"line":318,"column":75},"skip":true},"80":{"start":{"line":319,"column":16},"end":{"line":319,"column":23},"skip":true},"81":{"start":{"line":321,"column":12},"end":{"line":321,"column":38},"skip":true},"82":{"start":{"line":322,"column":12},"end":{"line":322,"column":27},"skip":true},"83":{"start":{"line":324,"column":8},"end":{"line":324,"column":14},"skip":true}},"branchMap":{"1":{"line":39,"type":"binary-expr","locations":[{"start":{"line":39,"column":23},"end":{"line":39,"column":62}},{"start":{"line":40,"column":20},"end":{"line":40,"column":70}},{"start":{"line":41,"column":20},"end":{"line":41,"column":71}},{"start":{"line":42,"column":20},"end":{"line":42,"column":29}}]},"2":{"line":44,"type":"binary-expr","locations":[{"start":{"line":44,"column":23},"end":{"line":44,"column":37}},{"start":{"line":45,"column":20},"end":{"line":45,"column":61}},{"start":{"line":46,"column":20},"end":{"line":46,"column":70}},{"start":{"line":47,"column":20},"end":{"line":47,"column":26}}]},"3":{"line":51,"type":"cond-expr","locations":[{"start":{"line":52,"column":14},"end":{"line":52,"column":20}},{"start":{"line":53,"column":14},"end":{"line":53,"column":20}}]},"4":{"line":55,"type":"binary-expr","locations":[{"start":{"line":55,"column":16},"end":{"line":55,"column":44}},{"start":{"line":55,"column":49},"end":{"line":57,"column":43}}]},"5":{"line":55,"type":"cond-expr","locations":[{"start":{"line":56,"column":14},"end":{"line":56,"column":63}},{"start":{"line":57,"column":14},"end":{"line":57,"column":43}}]},"6":{"line":61,"type":"switch","locations":[{"start":{"line":68,"column":4},"end":{"line":150,"column":14},"skip":true},{"start":{"line":156,"column":4},"end":{"line":324,"column":14},"skip":true}]},"7":{"line":70,"type":"if","locations":[{"start":{"line":70,"column":12},"end":{"line":70,"column":12},"skip":true},{"start":{"line":70,"column":12},"end":{"line":70,"column":12},"skip":true}]},"8":{"line":70,"type":"binary-expr","locations":[{"start":{"line":70,"column":16},"end":{"line":70,"column":22},"skip":true},{"start":{"line":70,"column":27},"end":{"line":70,"column":32},"skip":true},{"start":{"line":71,"column":20},"end":{"line":71,"column":39},"skip":true},{"start":{"line":72,"column":20},"end":{"line":72,"column":49},"skip":true},{"start":{"line":73,"column":20},"end":{"line":73,"column":58},"skip":true},{"start":{"line":74,"column":20},"end":{"line":74,"column":69},"skip":true}]},"9":{"line":79,"type":"switch","locations":[{"start":{"line":80,"column":20},"end":{"line":80,"column":33},"skip":true},{"start":{"line":81,"column":20},"end":{"line":83,"column":30},"skip":true},{"start":{"line":84,"column":20},"end":{"line":85,"column":49},"skip":true}]},"10":{"line":89,"type":"switch","locations":[{"start":{"line":90,"column":12},"end":{"line":103,"column":22},"skip":true},{"start":{"line":105,"column":12},"end":{"line":106,"column":22},"skip":true}]},"11":{"line":89,"type":"binary-expr","locations":[{"start":{"line":89,"column":20},"end":{"line":89,"column":25},"skip":true},{"start":{"line":89,"column":29},"end":{"line":89,"column":48},"skip":true},{"start":{"line":89,"column":52},"end":{"line":89,"column":74},"skip":true}]},"12":{"line":92,"type":"if","locations":[{"start":{"line":92,"column":16},"end":{"line":92,"column":16},"skip":true},{"start":{"line":92,"column":16},"end":{"line":92,"column":16},"skip":true}]},"13":{"line":108,"type":"if","locations":[{"start":{"line":108,"column":12},"end":{"line":108,"column":12},"skip":true},{"start":{"line":108,"column":12},"end":{"line":108,"column":12},"skip":true}]},"14":{"line":108,"type":"binary-expr","locations":[{"start":{"line":108,"column":16},"end":{"line":108,"column":61},"skip":true},{"start":{"line":108,"column":66},"end":{"line":108,"column":72},"skip":true},{"start":{"line":108,"column":77},"end":{"line":108,"column":82},"skip":true},{"start":{"line":109,"column":20},"end":{"line":109,"column":39},"skip":true},{"start":{"line":110,"column":20},"end":{"line":110,"column":49},"skip":true},{"start":{"line":111,"column":20},"end":{"line":111,"column":58},"skip":true},{"start":{"line":112,"column":20},"end":{"line":112,"column":68},"skip":true}]},"15":{"line":129,"type":"if","locations":[{"start":{"line":129,"column":16},"end":{"line":129,"column":16},"skip":true},{"start":{"line":129,"column":16},"end":{"line":129,"column":16},"skip":true}]},"16":{"line":134,"type":"cond-expr","locations":[{"start":{"line":135,"column":26},"end":{"line":135,"column":29},"skip":true},{"start":{"line":136,"column":26},"end":{"line":136,"column":54},"skip":true}]},"17":{"line":164,"type":"binary-expr","locations":[{"start":{"line":164,"column":27},"end":{"line":164,"column":43},"skip":true},{"start":{"line":164,"column":47},"end":{"line":164,"column":49},"skip":true}]},"18":{"line":258,"type":"if","locations":[{"start":{"line":258,"column":8},"end":{"line":258,"column":8},"skip":true},{"start":{"line":258,"column":8},"end":{"line":258,"column":8},"skip":true}]},"19":{"line":275,"type":"switch","locations":[{"start":{"line":276,"column":20},"end":{"line":277,"column":64},"skip":true},{"start":{"line":278,"column":20},"end":{"line":279,"column":40},"skip":true},{"start":{"line":280,"column":20},"end":{"line":281,"column":40},"skip":true},{"start":{"line":282,"column":20},"end":{"line":283,"column":39},"skip":true}]},"20":{"line":288,"type":"if","locations":[{"start":{"line":288,"column":8},"end":{"line":288,"column":8},"skip":true},{"start":{"line":288,"column":8},"end":{"line":288,"column":8},"skip":true}]},"21":{"line":288,"type":"binary-expr","locations":[{"start":{"line":288,"column":12},"end":{"line":288,"column":40},"skip":true},{"start":{"line":288,"column":44},"end":{"line":288,"column":67},"skip":true}]},"22":{"line":292,"type":"binary-expr","locations":[{"start":{"line":292,"column":12},"end":{"line":292,"column":50},"skip":true},{"start":{"line":293,"column":12},"end":{"line":293,"column":53},"skip":true}]},"23":{"line":297,"type":"binary-expr","locations":[{"start":{"line":297,"column":12},"end":{"line":297,"column":77},"skip":true},{"start":{"line":298,"column":12},"end":{"line":301,"column":36},"skip":true}]},"24":{"line":303,"type":"binary-expr","locations":[{"start":{"line":303,"column":43},"end":{"line":303,"column":75},"skip":true},{"start":{"line":303,"column":79},"end":{"line":303,"column":81},"skip":true}]},"25":{"line":306,"type":"if","locations":[{"start":{"line":306,"column":8},"end":{"line":306,"column":8},"skip":true},{"start":{"line":306,"column":8},"end":{"line":306,"column":8},"skip":true}]},"26":{"line":310,"type":"if","locations":[{"start":{"line":310,"column":8},"end":{"line":310,"column":8},"skip":true},{"start":{"line":310,"column":8},"end":{"line":310,"column":8},"skip":true}]},"27":{"line":313,"type":"binary-expr","locations":[{"start":{"line":313,"column":27},"end":{"line":313,"column":43},"skip":true},{"start":{"line":313,"column":47},"end":{"line":313,"column":53},"skip":true}]},"28":{"line":317,"type":"if","locations":[{"start":{"line":317,"column":12},"end":{"line":317,"column":12},"skip":true},{"start":{"line":317,"column":12},"end":{"line":317,"column":12},"skip":true}]}},"code":["/*","example.js","","quickstart example","","instruction","    1. save this script as example.js","    2. run the shell command:","        $ npm install npmtest-modify-babel-preset && PORT=8081 node example.js","    3. play with the browser-demo on http://127.0.0.1:8081","*/","","","","/* istanbul instrument in package npmtest_modify_babel_preset */","/*jslint","    bitwise: true,","    browser: true,","    maxerr: 8,","    maxlen: 96,","    node: true,","    nomen: true,","    regexp: true,","    stupid: true","*/","(function () {","    'use strict';","    var local;","","","","    // run shared js-env code - pre-init","    (function () {","        // init local","        local = {};","        // init modeJs","        local.modeJs = (function () {","            try {","                return typeof navigator.userAgent === 'string' &&","                    typeof document.querySelector('body') === 'object' &&","                    typeof XMLHttpRequest.prototype.open === 'function' &&","                    'browser';","            } catch (errorCaughtBrowser) {","                return module.exports &&","                    typeof process.versions.node === 'string' &&","                    typeof require('http').createServer === 'function' &&","                    'node';","            }","        }());","        // init global","        local.global = local.modeJs === 'browser'","            ? window","            : global;","        // init utility2_rollup","        local = local.global.utility2_rollup || (local.modeJs === 'browser'","            ? local.global.utility2_npmtest_modify_babel_preset","            : global.utility2_moduleExports);","        // export local","        local.global.local = local;","    }());","    switch (local.modeJs) {","","","","    // post-init","    // run browser js-env code - post-init","    /* istanbul ignore next */","    case 'browser':","        local.testRunBrowser = function (event) {","            if (!event || (event &&","                    event.currentTarget &&","                    event.currentTarget.className &&","                    event.currentTarget.className.includes &&","                    event.currentTarget.className.includes('onreset'))) {","                // reset output","                Array.from(","                    document.querySelectorAll('body > .resettable')","                ).forEach(function (element) {","                    switch (element.tagName) {","                    case 'INPUT':","                    case 'TEXTAREA':","                        element.value = '';","                        break;","                    default:","                        element.textContent = '';","                    }","                });","            }","            switch (event && event.currentTarget && event.currentTarget.id) {","            case 'testRunButton1':","                // show tests","                if (document.querySelector('#testReportDiv1').style.display === 'none') {","                    document.querySelector('#testReportDiv1').style.display = 'block';","                    document.querySelector('#testRunButton1').textContent =","                        'hide internal test';","                    local.modeTest = true;","                    local.testRunDefault(local);","                // hide tests","                } else {","                    document.querySelector('#testReportDiv1').style.display = 'none';","                    document.querySelector('#testRunButton1').textContent = 'run internal test';","                }","                break;","            // custom-case","            default:","                break;","            }","            if (document.querySelector('#inputTextareaEval1') && (!event || (event &&","                    event.currentTarget &&","                    event.currentTarget.className &&","                    event.currentTarget.className.includes &&","                    event.currentTarget.className.includes('oneval')))) {","                // try to eval input-code","                try {","                    /*jslint evil: true*/","                    eval(document.querySelector('#inputTextareaEval1').value);","                } catch (errorCaught) {","                    console.error(errorCaught);","                }","            }","        };","        // log stderr and stdout to #outputTextareaStdout1","        ['error', 'log'].forEach(function (key) {","            console[key + '_original'] = console[key];","            console[key] = function () {","                var element;","                console[key + '_original'].apply(console, arguments);","                element = document.querySelector('#outputTextareaStdout1');","                if (!element) {","                    return;","                }","                // append text to #outputTextareaStdout1","                element.value += Array.from(arguments).map(function (arg) {","                    return typeof arg === 'string'","                        ? arg","                        : JSON.stringify(arg, null, 4);","                }).join(' ') + '\\n';","                // scroll textarea to bottom","                element.scrollTop = element.scrollHeight;","            };","        });","        // init event-handling","        ['change', 'click', 'keyup'].forEach(function (event) {","            Array.from(document.querySelectorAll('.on' + event)).forEach(function (element) {","                element.addEventListener(event, local.testRunBrowser);","            });","        });","        // run tests","        local.testRunBrowser();","        break;","","","","    // run node js-env code - post-init","    /* istanbul ignore next */","    case 'node':","        // export local","        module.exports = local;","        // require modules","        local.fs = require('fs');","        local.http = require('http');","        local.url = require('url');","        // init assets","        local.assetsDict = local.assetsDict || {};","        /* jslint-ignore-begin */","        local.assetsDict['/assets.index.template.html'] = '\\","<!doctype html>\\n\\","<html lang=\"en\">\\n\\","<head>\\n\\","<meta charset=\"UTF-8\">\\n\\","<meta name=\"viewport\" content=\"width=device-width, initial-scale=1\">\\n\\","<title>{{env.npm_package_name}} (v{{env.npm_package_version}})</title>\\n\\","<style>\\n\\","/*csslint\\n\\","    box-sizing: false,\\n\\","    universal-selector: false\\n\\","*/\\n\\","* {\\n\\","    box-sizing: border-box;\\n\\","}\\n\\","body {\\n\\","    background: #dde;\\n\\","    font-family: Arial, Helvetica, sans-serif;\\n\\","    margin: 2rem;\\n\\","}\\n\\","body > * {\\n\\","    margin-bottom: 1rem;\\n\\","}\\n\\",".utility2FooterDiv {\\n\\","    margin-top: 20px;\\n\\","    text-align: center;\\n\\","}\\n\\","</style>\\n\\","<style>\\n\\","/*csslint\\n\\","*/\\n\\","textarea {\\n\\","    font-family: monospace;\\n\\","    height: 10rem;\\n\\","    width: 100%;\\n\\","}\\n\\","textarea[readonly] {\\n\\","    background: #ddd;\\n\\","}\\n\\","</style>\\n\\","</head>\\n\\","<body>\\n\\","<!-- utility2-comment\\n\\","<div id=\"ajaxProgressDiv1\" style=\"background: #d00; height: 2px; left: 0; margin: 0; padding: 0; position: fixed; top: 0; transition: background 0.5s, width 1.5s; width: 25%;\"></div>\\n\\","utility2-comment -->\\n\\","<h1>\\n\\","<!-- utility2-comment\\n\\","    <a\\n\\","        {{#if env.npm_package_homepage}}\\n\\","        href=\"{{env.npm_package_homepage}}\"\\n\\","        {{/if env.npm_package_homepage}}\\n\\","        target=\"_blank\"\\n\\","    >\\n\\","utility2-comment -->\\n\\","        {{env.npm_package_name}} (v{{env.npm_package_version}})\\n\\","<!-- utility2-comment\\n\\","    </a>\\n\\","utility2-comment -->\\n\\","</h1>\\n\\","<h3>{{env.npm_package_description}}</h3>\\n\\","<!-- utility2-comment\\n\\","<h4><a download href=\"assets.app.js\">download standalone app</a></h4>\\n\\","<button class=\"onclick onreset\" id=\"testRunButton1\">run internal test</button><br>\\n\\","<div id=\"testReportDiv1\" style=\"display: none;\"></div>\\n\\","utility2-comment -->\\n\\","\\n\\","\\n\\","\\n\\","<label>stderr and stdout</label>\\n\\","<textarea class=\"resettable\" id=\"outputTextareaStdout1\" readonly></textarea>\\n\\","<!-- utility2-comment\\n\\","{{#if isRollup}}\\n\\","<script src=\"assets.app.js\"></script>\\n\\","{{#unless isRollup}}\\n\\","utility2-comment -->\\n\\","<script src=\"assets.utility2.rollup.js\"></script>\\n\\","<script src=\"jsonp.utility2._stateInit?callback=window.utility2._stateInit\"></script>\\n\\","<script src=\"assets.npmtest_modify_babel_preset.rollup.js\"></script>\\n\\","<script src=\"assets.example.js\"></script>\\n\\","<script src=\"assets.test.js\"></script>\\n\\","<!-- utility2-comment\\n\\","{{/if isRollup}}\\n\\","utility2-comment -->\\n\\","<div class=\"utility2FooterDiv\">\\n\\","    [ this app was created with\\n\\","    <a href=\"https://github.com/kaizhu256/node-utility2\" target=\"_blank\">utility2</a>\\n\\","    ]\\n\\","</div>\\n\\","</body>\\n\\","</html>\\n\\","';","        /* jslint-ignore-end */","        if (local.templateRender) {","            local.assetsDict['/'] = local.templateRender(","                local.assetsDict['/assets.index.template.html'],","                {","                    env: local.objectSetDefault(local.env, {","                        npm_package_description: 'the greatest app in the world!',","                        npm_package_name: 'my-app',","                        npm_package_nameAlias: 'my_app',","                        npm_package_version: '0.0.1'","                    })","                }","            );","        } else {","            local.assetsDict['/'] = local.assetsDict['/assets.index.template.html']","                .replace((/\\{\\{env\\.(\\w+?)\\}\\}/g), function (match0, match1) {","                    // jslint-hack","                    String(match0);","                    switch (match1) {","                    case 'npm_package_description':","                        return 'the greatest app in the world!';","                    case 'npm_package_name':","                        return 'my-app';","                    case 'npm_package_nameAlias':","                        return 'my_app';","                    case 'npm_package_version':","                        return '0.0.1';","                    }","                });","        }","        // run the cli","        if (local.global.utility2_rollup || module !== require.main) {","            break;","        }","        local.assetsDict['/assets.example.js'] =","            local.assetsDict['/assets.example.js'] ||","            local.fs.readFileSync(__filename, 'utf8');","        // bug-workaround - long $npm_package_buildCustomOrg","        /* jslint-ignore-begin */","        local.assetsDict['/assets.npmtest_modify_babel_preset.rollup.js'] =","            local.assetsDict['/assets.npmtest_modify_babel_preset.rollup.js'] ||","            local.fs.readFileSync(","                local.npmtest_modify_babel_preset.__dirname + '/lib.npmtest_modify_babel_preset.js',","                'utf8'","            ).replace((/^#!/), '//');","        /* jslint-ignore-end */","        local.assetsDict['/favicon.ico'] = local.assetsDict['/favicon.ico'] || '';","        // if $npm_config_timeout_exit exists,","        // then exit this process after $npm_config_timeout_exit ms","        if (Number(process.env.npm_config_timeout_exit)) {","            setTimeout(process.exit, Number(process.env.npm_config_timeout_exit));","        }","        // start server","        if (local.global.utility2_serverHttp1) {","            break;","        }","        process.env.PORT = process.env.PORT || '8081';","        console.error('server starting on port ' + process.env.PORT);","        local.http.createServer(function (request, response) {","            request.urlParsed = local.url.parse(request.url);","            if (local.assetsDict[request.urlParsed.pathname] !== undefined) {","                response.end(local.assetsDict[request.urlParsed.pathname]);","                return;","            }","            response.statusCode = 404;","            response.end();","        }).listen(process.env.PORT);","        break;","    }","}());",""],"l":{"26":2,"28":2,"33":2,"35":2,"37":2,"38":2,"39":2,"44":1,"51":2,"55":2,"59":2,"61":2,"69":1,"70":2,"76":2,"79":2,"82":2,"83":2,"85":1,"89":2,"92":1,"93":1,"94":1,"96":1,"97":1,"100":1,"101":1,"103":1,"106":1,"108":2,"114":1,"116":1,"118":1,"123":1,"124":2,"125":2,"126":3,"127":3,"128":3,"129":3,"130":1,"133":3,"134":3,"139":3,"143":1,"144":3,"145":1,"149":1,"150":1,"158":1,"160":1,"161":1,"162":1,"164":1,"166":1,"258":1,"259":1,"271":1,"274":6,"275":6,"277":1,"279":2,"281":1,"283":2,"288":1,"289":1,"291":1,"296":1,"303":1,"306":1,"307":1,"310":1,"311":1,"313":1,"314":1,"315":1,"316":1,"317":1,"318":1,"319":1,"321":1,"322":1,"324":1}},"/home/travis/build/npmtest/node-npmtest-modify-babel-preset/node_modules/modify-babel-preset/index.js":{"path":"/home/travis/build/npmtest/node-npmtest-modify-babel-preset/node_modules/modify-babel-preset/index.js","s":{"1":1,"2":1,"3":1,"4":1,"5":1,"6":1,"7":0,"8":1,"9":0,"10":0,"11":0,"12":1,"13":0,"14":0,"15":0,"16":0,"17":1,"18":0,"19":0,"20":0,"21":0,"22":0,"23":0,"24":0,"25":0,"26":0,"27":0,"28":0,"29":1,"30":0,"31":0,"32":0,"33":0,"34":0,"35":0,"36":0,"37":0,"38":0,"39":0,"40":0,"41":0,"42":0,"43":0,"44":0,"45":0,"46":0,"47":0,"48":0,"49":0,"50":0,"51":0,"52":0,"53":1,"54":0,"55":0,"56":0,"57":1,"58":0,"59":0,"60":0,"61":0,"62":0,"63":0,"64":0,"65":0,"66":0,"67":0,"68":0,"69":0,"70":0,"71":0,"72":0,"73":0,"74":0,"75":0,"76":0,"77":0,"78":0,"79":0,"80":0,"81":0,"82":0,"83":0,"84":0,"85":0,"86":0,"87":0,"88":0,"89":0,"90":0,"91":0},"b":{"1":[0,0],"2":[0,0],"3":[0,0],"4":[0,0],"5":[0,0],"6":[0,0],"7":[0,0],"8":[0,0],"9":[0,0],"10":[0,0],"11":[0,0],"12":[0,0],"13":[0,0],"14":[0,0],"15":[0,0],"16":[0,0],"17":[0,0,0],"18":[0,0],"19":[0,0],"20":[0,0],"21":[0,0],"22":[0,0],"23":[0,0],"24":[0,0],"25":[0,0],"26":[0,0],"27":[0,0],"28":[0,0],"29":[0,0],"30":[0,0]},"f":{"1":0,"2":0,"3":0,"4":0,"5":0,"6":0,"7":0,"8":0,"9":0},"fnMap":{"1":{"name":"getModuleName","line":8,"loc":{"start":{"line":8,"column":0},"end":{"line":8,"column":29}}},"2":{"name":"setHiddenProp","line":13,"loc":{"start":{"line":13,"column":0},"end":{"line":13,"column":41}}},"3":{"name":"extend","line":27,"loc":{"start":{"line":27,"column":0},"end":{"line":27,"column":29}}},"4":{"name":"requireBabelPlugin","line":35,"loc":{"start":{"line":35,"column":0},"end":{"line":35,"column":46}}},"5":{"name":"(anonymous_5)","line":58,"loc":{"start":{"line":58,"column":17},"end":{"line":58,"column":54}}},"6":{"name":"isSameName","line":103,"loc":{"start":{"line":103,"column":1},"end":{"line":103,"column":27}}},"7":{"name":"indexOf","line":108,"loc":{"start":{"line":108,"column":1},"end":{"line":108,"column":32}}},"8":{"name":"(anonymous_8)","line":120,"loc":{"start":{"line":120,"column":36},"end":{"line":120,"column":50}}},"9":{"name":"(anonymous_9)","line":150,"loc":{"start":{"line":150,"column":24},"end":{"line":150,"column":41}}}},"statementMap":{"1":{"start":{"line":1,"column":0},"end":{"line":1,"column":27}},"2":{"start":{"line":2,"column":0},"end":{"line":2,"column":43}},"3":{"start":{"line":3,"column":0},"end":{"line":3,"column":43}},"4":{"start":{"line":4,"column":0},"end":{"line":4,"column":51}},"5":{"start":{"line":5,"column":0},"end":{"line":5,"column":56}},"6":{"start":{"line":8,"column":0},"end":{"line":10,"column":1}},"7":{"start":{"line":9,"column":1},"end":{"line":9,"column":129}},"8":{"start":{"line":13,"column":0},"end":{"line":24,"column":1}},"9":{"start":{"line":14,"column":1},"end":{"line":23,"column":2}},"10":{"start":{"line":15,"column":2},"end":{"line":19,"column":5}},"11":{"start":{"line":22,"column":2},"end":{"line":22,"column":20}},"12":{"start":{"line":27,"column":0},"end":{"line":32,"column":1}},"13":{"start":{"line":28,"column":1},"end":{"line":30,"column":2}},"14":{"start":{"line":28,"column":22},"end":{"line":30,"column":2}},"15":{"start":{"line":29,"column":2},"end":{"line":29,"column":21}},"16":{"start":{"line":31,"column":1},"end":{"line":31,"column":13}},"17":{"start":{"line":35,"column":0},"end":{"line":55,"column":1}},"18":{"start":{"line":36,"column":1},"end":{"line":38,"column":2}},"19":{"start":{"line":37,"column":2},"end":{"line":37,"column":32}},"20":{"start":{"line":40,"column":1},"end":{"line":40,"column":18}},"21":{"start":{"line":41,"column":1},"end":{"line":45,"column":2}},"22":{"start":{"line":42,"column":2},"end":{"line":44,"column":18}},"23":{"start":{"line":43,"column":3},"end":{"line":43,"column":53}},"24":{"start":{"line":46,"column":1},"end":{"line":50,"column":2}},"25":{"start":{"line":47,"column":2},"end":{"line":49,"column":17}},"26":{"start":{"line":48,"column":3},"end":{"line":48,"column":40}},"27":{"start":{"line":52,"column":1},"end":{"line":52,"column":29}},"28":{"start":{"line":54,"column":1},"end":{"line":54,"column":41}},"29":{"start":{"line":58,"column":0},"end":{"line":169,"column":2}},"30":{"start":{"line":59,"column":1},"end":{"line":59,"column":18}},"31":{"start":{"line":61,"column":1},"end":{"line":64,"column":2}},"32":{"start":{"line":62,"column":2},"end":{"line":62,"column":27}},"33":{"start":{"line":63,"column":2},"end":{"line":63,"column":31}},"34":{"start":{"line":65,"column":1},"end":{"line":65,"column":37}},"35":{"start":{"line":67,"column":1},"end":{"line":67,"column":12}},"36":{"start":{"line":68,"column":1},"end":{"line":79,"column":2}},"37":{"start":{"line":69,"column":2},"end":{"line":75,"column":3}},"38":{"start":{"line":70,"column":3},"end":{"line":74,"column":4}},"39":{"start":{"line":71,"column":4},"end":{"line":71,"column":70}},"40":{"start":{"line":73,"column":4},"end":{"line":73,"column":21}},"41":{"start":{"line":76,"column":2},"end":{"line":78,"column":3}},"42":{"start":{"line":77,"column":3},"end":{"line":77,"column":41}},"43":{"start":{"line":81,"column":1},"end":{"line":81,"column":31}},"44":{"start":{"line":83,"column":1},"end":{"line":83,"column":68}},"45":{"start":{"line":85,"column":1},"end":{"line":85,"column":48}},"46":{"start":{"line":86,"column":1},"end":{"line":89,"column":2}},"47":{"start":{"line":87,"column":2},"end":{"line":87,"column":77}},"48":{"start":{"line":88,"column":2},"end":{"line":88,"column":84}},"49":{"start":{"line":91,"column":1},"end":{"line":91,"column":49}},"50":{"start":{"line":95,"column":1},"end":{"line":98,"column":4}},"51":{"start":{"line":100,"column":1},"end":{"line":100,"column":30}},"52":{"start":{"line":101,"column":1},"end":{"line":101,"column":47}},"53":{"start":{"line":103,"column":1},"end":{"line":106,"column":2}},"54":{"start":{"line":104,"column":2},"end":{"line":104,"column":63}},"55":{"start":{"line":104,"column":50},"end":{"line":104,"column":63}},"56":{"start":{"line":105,"column":2},"end":{"line":105,"column":107}},"57":{"start":{"line":108,"column":1},"end":{"line":118,"column":2}},"58":{"start":{"line":109,"column":2},"end":{"line":116,"column":3}},"59":{"start":{"line":110,"column":3},"end":{"line":110,"column":68}},"60":{"start":{"line":111,"column":3},"end":{"line":111,"column":80}},"61":{"start":{"line":112,"column":3},"end":{"line":112,"column":30}},"62":{"start":{"line":113,"column":3},"end":{"line":115,"column":4}},"63":{"start":{"line":114,"column":4},"end":{"line":114,"column":13}},"64":{"start":{"line":117,"column":2},"end":{"line":117,"column":12}},"65":{"start":{"line":120,"column":1},"end":{"line":147,"column":4}},"66":{"start":{"line":121,"column":2},"end":{"line":121,"column":50}},"67":{"start":{"line":121,"column":43},"end":{"line":121,"column":50}},"68":{"start":{"line":123,"column":2},"end":{"line":124,"column":33}},"69":{"start":{"line":125,"column":2},"end":{"line":146,"column":3}},"70":{"start":{"line":126,"column":3},"end":{"line":131,"column":4}},"71":{"start":{"line":127,"column":4},"end":{"line":127,"column":29}},"72":{"start":{"line":129,"column":8},"end":{"line":131,"column":4}},"73":{"start":{"line":130,"column":4},"end":{"line":130,"column":46}},"74":{"start":{"line":134,"column":3},"end":{"line":135,"column":21}},"75":{"start":{"line":136,"column":3},"end":{"line":136,"column":53}},"76":{"start":{"line":137,"column":3},"end":{"line":139,"column":4}},"77":{"start":{"line":138,"column":4},"end":{"line":138,"column":26}},"78":{"start":{"line":140,"column":3},"end":{"line":145,"column":4}},"79":{"start":{"line":141,"column":4},"end":{"line":141,"column":20}},"80":{"start":{"line":144,"column":4},"end":{"line":144,"column":23}},"81":{"start":{"line":149,"column":1},"end":{"line":159,"column":2}},"82":{"start":{"line":150,"column":2},"end":{"line":158,"column":5}},"83":{"start":{"line":151,"column":3},"end":{"line":151,"column":56}},"84":{"start":{"line":152,"column":3},"end":{"line":156,"column":4}},"85":{"start":{"line":153,"column":4},"end":{"line":153,"column":35}},"86":{"start":{"line":154,"column":4},"end":{"line":154,"column":21}},"87":{"start":{"line":155,"column":4},"end":{"line":155,"column":44}},"88":{"start":{"line":157,"column":3},"end":{"line":157,"column":70}},"89":{"start":{"line":161,"column":1},"end":{"line":161,"column":31}},"90":{"start":{"line":163,"column":1},"end":{"line":166,"column":4}},"91":{"start":{"line":168,"column":1},"end":{"line":168,"column":12}}},"branchMap":{"1":{"line":14,"type":"if","locations":[{"start":{"line":14,"column":1},"end":{"line":14,"column":1}},{"start":{"line":14,"column":1},"end":{"line":14,"column":1}}]},"2":{"line":28,"type":"if","locations":[{"start":{"line":28,"column":22},"end":{"line":28,"column":22}},{"start":{"line":28,"column":22},"end":{"line":28,"column":22}}]},"3":{"line":36,"type":"if","locations":[{"start":{"line":36,"column":1},"end":{"line":36,"column":1}},{"start":{"line":36,"column":1},"end":{"line":36,"column":1}}]},"4":{"line":41,"type":"if","locations":[{"start":{"line":41,"column":1},"end":{"line":41,"column":1}},{"start":{"line":41,"column":1},"end":{"line":41,"column":1}}]},"5":{"line":46,"type":"if","locations":[{"start":{"line":46,"column":1},"end":{"line":46,"column":1}},{"start":{"line":46,"column":1},"end":{"line":46,"column":1}}]},"6":{"line":52,"type":"binary-expr","locations":[{"start":{"line":52,"column":8},"end":{"line":52,"column":20}},{"start":{"line":52,"column":24},"end":{"line":52,"column":28}}]},"7":{"line":61,"type":"if","locations":[{"start":{"line":61,"column":1},"end":{"line":61,"column":1}},{"start":{"line":61,"column":1},"end":{"line":61,"column":1}}]},"8":{"line":65,"type":"binary-expr","locations":[{"start":{"line":65,"column":17},"end":{"line":65,"column":30}},{"start":{"line":65,"column":34},"end":{"line":65,"column":36}}]},"9":{"line":68,"type":"if","locations":[{"start":{"line":68,"column":1},"end":{"line":68,"column":1}},{"start":{"line":68,"column":1},"end":{"line":68,"column":1}}]},"10":{"line":69,"type":"if","locations":[{"start":{"line":69,"column":2},"end":{"line":69,"column":2}},{"start":{"line":69,"column":2},"end":{"line":69,"column":2}}]},"11":{"line":76,"type":"if","locations":[{"start":{"line":76,"column":2},"end":{"line":76,"column":2}},{"start":{"line":76,"column":2},"end":{"line":76,"column":2}}]},"12":{"line":86,"type":"if","locations":[{"start":{"line":86,"column":1},"end":{"line":86,"column":1}},{"start":{"line":86,"column":1},"end":{"line":86,"column":1}}]},"13":{"line":91,"type":"binary-expr","locations":[{"start":{"line":91,"column":11},"end":{"line":91,"column":31}},{"start":{"line":91,"column":35},"end":{"line":91,"column":48}}]},"14":{"line":104,"type":"if","locations":[{"start":{"line":104,"column":2},"end":{"line":104,"column":2}},{"start":{"line":104,"column":2},"end":{"line":104,"column":2}}]},"15":{"line":104,"type":"binary-expr","locations":[{"start":{"line":104,"column":6},"end":{"line":104,"column":25}},{"start":{"line":104,"column":29},"end":{"line":104,"column":48}}]},"16":{"line":110,"type":"cond-expr","locations":[{"start":{"line":110,"column":41},"end":{"line":110,"column":54}},{"start":{"line":110,"column":57},"end":{"line":110,"column":67}}]},"17":{"line":111,"type":"binary-expr","locations":[{"start":{"line":111,"column":14},"end":{"line":111,"column":35}},{"start":{"line":111,"column":39},"end":{"line":111,"column":57}},{"start":{"line":111,"column":61},"end":{"line":111,"column":79}}]},"18":{"line":112,"type":"binary-expr","locations":[{"start":{"line":112,"column":10},"end":{"line":112,"column":21}},{"start":{"line":112,"column":25},"end":{"line":112,"column":29}}]},"19":{"line":113,"type":"if","locations":[{"start":{"line":113,"column":3},"end":{"line":113,"column":3}},{"start":{"line":113,"column":3},"end":{"line":113,"column":3}}]},"20":{"line":121,"type":"if","locations":[{"start":{"line":121,"column":2},"end":{"line":121,"column":2}},{"start":{"line":121,"column":2},"end":{"line":121,"column":2}}]},"21":{"line":121,"type":"binary-expr","locations":[{"start":{"line":121,"column":6},"end":{"line":121,"column":23}},{"start":{"line":121,"column":27},"end":{"line":121,"column":41}}]},"22":{"line":125,"type":"if","locations":[{"start":{"line":125,"column":2},"end":{"line":125,"column":2}},{"start":{"line":125,"column":2},"end":{"line":125,"column":2}}]},"23":{"line":126,"type":"if","locations":[{"start":{"line":126,"column":3},"end":{"line":126,"column":3}},{"start":{"line":126,"column":3},"end":{"line":126,"column":3}}]},"24":{"line":129,"type":"if","locations":[{"start":{"line":129,"column":8},"end":{"line":129,"column":8}},{"start":{"line":129,"column":8},"end":{"line":129,"column":8}}]},"25":{"line":137,"type":"if","locations":[{"start":{"line":137,"column":3},"end":{"line":137,"column":3}},{"start":{"line":137,"column":3},"end":{"line":137,"column":3}}]},"26":{"line":140,"type":"if","locations":[{"start":{"line":140,"column":3},"end":{"line":140,"column":3}},{"start":{"line":140,"column":3},"end":{"line":140,"column":3}}]},"27":{"line":149,"type":"if","locations":[{"start":{"line":149,"column":1},"end":{"line":149,"column":1}},{"start":{"line":149,"column":1},"end":{"line":149,"column":1}}]},"28":{"line":151,"type":"cond-expr","locations":[{"start":{"line":151,"column":37},"end":{"line":151,"column":46}},{"start":{"line":151,"column":49},"end":{"line":151,"column":55}}]},"29":{"line":152,"type":"if","locations":[{"start":{"line":152,"column":3},"end":{"line":152,"column":3}},{"start":{"line":152,"column":3},"end":{"line":152,"column":3}}]},"30":{"line":157,"type":"cond-expr","locations":[{"start":{"line":157,"column":34},"end":{"line":157,"column":63}},{"start":{"line":157,"column":66},"end":{"line":157,"column":69}}]}},"code":["var path = require('path');","var relative = require('require-relative');","var serialize = require('./lib/serialize');","var getFlattenedPlugins = require('./lib/flatten');","var normalizePreset = require('./lib/normalize-preset');","","// strip a nested module path + filename down to just the innermost module's (file)name","function getModuleName(path) {","\treturn path.replace(/(?:..[\\\\/])*(?:(?:.+[\\\\/])?node_modules[\\\\/]|[\\\\/]|\\.\\.[\\\\/])((@[^\\\\/]+[\\\\/])?[^\\\\/]+)([\\\\/].*)?$/g, '$1');","}","","","function setHiddenProp(obj, prop, value) {","\tif (Object.defineProperty) {","\t\tObject.defineProperty(obj, prop, {","\t\t\tenumerable: false,","\t\t\twritable: true,","\t\t\tvalue: value","\t\t});","\t}","\telse {","\t\tobj[prop] = value;","\t}","}","","","function extend(base, props) {","\tfor (var i in props) if (props.hasOwnProperty(i)) {","\t\tbase[i] = props[i];","\t}","\treturn base;","}","","","function requireBabelPlugin(name, relativeTo) {","\tif (!name.match(/^babel-plugin-/)) {","\t\tname = 'babel-plugin-' + name;","\t}","","\tvar relativeName;","\tif (relativeTo) {","\t\ttry {","\t\t\trelativeName = relative.resolve(name, relativeTo);","\t\t} catch (err) {}","\t}","\tif (!relativeName) {","\t\ttry {","\t\t\trelativeName = require.resolve(name);","\t\t} catch(err) {}","\t}","","\tname = relativeName || name;","","\treturn { mod:require(name), name:name };","}","","","module.exports = function(presetInput, modifications) {","\tvar options = {};","","\tif (Array.isArray(presetInput)) {","\t\toptions = presetInput[1];","\t\tpresetInput = presetInput[0];","\t}","\tmodifications = modifications || {};","","\tvar preset;","\tif (typeof presetInput==='string') {","\t\tif (!presetInput.match(/(^babel-preset-|[\\\\/])/)) {","\t\t\ttry {","\t\t\t\tpreset = relative.resolve('babel-preset-'+presetInput, __dirname);","\t\t\t} catch(err) {","\t\t\t\tconsole.log(err);","\t\t\t}","\t\t}","\t\tif (!preset) {","\t\t\tpreset = require.resolve(presetInput);","\t\t}","\t}","","\tpreset = path.resolve(preset);","","\tvar presetModule = normalizePreset(require(preset), null, options);","","\tvar orig = presetModule['modify-babel-preset'];","\tif (orig) {","\t\tconsole.log('Found nested modify-babel-preset configuration, flattening.');","\t\treturn modify(orig.preset, extend(extend({}, orig.modifications), modifications));","\t}","","\tvar cwd = path.dirname(preset) || process.cwd();","","\t// console.log('cwd: ', cwd);","","\tvar serialized = serialize(preset, {","\t\toptions: options,","\t\tcwd: cwd","\t});","","\tvar alias = serialized.alias;","\tvar plugins = getFlattenedPlugins(serialized);","","\tfunction isSameName(a, b) {","\t\tif (typeof a!=='string' || typeof b!=='string') return false;","\t\treturn a.replace(/^babel-plugin-/i, '').toLowerCase() === b.replace(/^babel-plugin-/i, '').toLowerCase();","\t}","","\tfunction indexOf(plugins, key) {","\t\tfor (var i=plugins.length; i--; ) {","\t\t\tvar mod = Array.isArray(plugins[i]) ? plugins[i][0] : plugins[i];","\t\t\tvar name = typeof mod==='string' && getModuleName(mod) || mod._original_name;","\t\t\tname = alias[name] || name;","\t\t\tif (isSameName(name, key)) {","\t\t\t\treturn i;","\t\t\t}","\t\t}","\t\treturn -1;","\t}","","\tObject.keys(modifications).forEach(function(key) {","\t\tif (key==='nameDrops' || key==='string') return;","","\t\tvar value = modifications[key],","\t\t\tindex = indexOf(plugins, key);","\t\tif (value===false) {","\t\t\tif (index!==-1) {","\t\t\t\tplugins.splice(index, 1);","\t\t\t}","\t\t\telse if (process.env.NODE_ENV==='development') {","\t\t\t\tconsole.warn(key+' not found', __dirname);","\t\t\t}","\t\t}","\t\telse {","\t\t\tvar imported = requireBabelPlugin(key, cwd),","\t\t\t\tp = imported.mod;","\t\t\tsetHiddenProp(p, '_original_name', imported.name);","\t\t\tif (value!==true) {","\t\t\t\tp = [p].concat(value);","\t\t\t}","\t\t\tif (index<0) {","\t\t\t\tplugins.push(p);","\t\t\t}","\t\t\telse {","\t\t\t\tplugins[index] = p;","\t\t\t}","\t\t}","\t});","","\tif (modifications.string!==true) {","\t\tplugins = plugins.map(function(plugin) {","\t\t\tvar mod = Array.isArray(plugin) ? plugin[0] : plugin;","\t\t\tif (typeof mod==='string') {","\t\t\t\tvar p = path.resolve(cwd, mod);","\t\t\t\tmod = require(p);","\t\t\t\tsetHiddenProp(mod, '_original_name', p);","\t\t\t}","\t\t\treturn Array.isArray(plugin) ? [mod].concat(plugin.slice(1)) : mod;","\t\t});","\t}","","\tvar out = { plugins:plugins };","","\tsetHiddenProp(out, 'modify-babel-preset', {","\t\tpreset: path.dirname(path.resolve(preset)),","\t\tmodifications: modifications","\t});","","\treturn out;","};",""],"l":{"1":1,"2":1,"3":1,"4":1,"5":1,"8":1,"9":0,"13":1,"14":0,"15":0,"22":0,"27":1,"28":0,"29":0,"31":0,"35":1,"36":0,"37":0,"40":0,"41":0,"42":0,"43":0,"46":0,"47":0,"48":0,"52":0,"54":0,"58":1,"59":0,"61":0,"62":0,"63":0,"65":0,"67":0,"68":0,"69":0,"70":0,"71":0,"73":0,"76":0,"77":0,"81":0,"83":0,"85":0,"86":0,"87":0,"88":0,"91":0,"95":0,"100":0,"101":0,"103":1,"104":0,"105":0,"108":1,"109":0,"110":0,"111":0,"112":0,"113":0,"114":0,"117":0,"120":0,"121":0,"123":0,"125":0,"126":0,"127":0,"129":0,"130":0,"134":0,"136":0,"137":0,"138":0,"140":0,"141":0,"144":0,"149":0,"150":0,"151":0,"152":0,"153":0,"154":0,"155":0,"157":0,"161":0,"163":0,"168":0}},"/home/travis/build/npmtest/node-npmtest-modify-babel-preset/node_modules/modify-babel-preset/lib/serialize.js":{"path":"/home/travis/build/npmtest/node-npmtest-modify-babel-preset/node_modules/modify-babel-preset/lib/serialize.js","s":{"1":1,"2":1,"3":1,"4":1,"5":1,"6":1,"7":1,"8":1,"9":0,"10":1,"11":0,"12":0,"13":0,"14":1,"15":0,"16":0,"17":0,"18":0,"19":0,"20":1,"21":0,"22":0,"23":0,"24":0,"25":0,"26":1,"27":0,"28":0,"29":0,"30":0,"31":0,"32":0,"33":0,"34":0,"35":1,"36":0,"37":1,"38":0,"39":0,"40":0,"41":1,"42":0,"43":1,"44":0,"45":1,"46":0,"47":0,"48":0,"49":0,"50":0,"51":1,"52":0,"53":0,"54":0,"55":0,"56":0,"57":0,"58":0,"59":0,"60":0,"61":0,"62":0,"63":0,"64":0,"65":0,"66":0,"67":0,"68":0,"69":0,"70":0,"71":0,"72":0,"73":0,"74":0,"75":0,"76":0,"77":0,"78":0,"79":0,"80":0,"81":0,"82":1},"b":{"1":[0,0],"2":[0,0],"3":[0,0],"4":[0,0],"5":[0,0],"6":[0,0],"7":[0,0],"8":[0,0],"9":[0,0],"10":[0,0],"11":[0,0],"12":[0,0],"13":[0,0],"14":[0,0],"15":[0,0],"16":[0,0],"17":[0,0],"18":[0,0],"19":[0,0],"20":[0,0],"21":[0,0],"22":[0,0],"23":[0,0],"24":[0,0],"25":[0,0],"26":[0,0]},"f":{"1":0,"2":0,"3":0,"4":0,"5":0,"6":0,"7":0,"8":0,"9":0,"10":0,"11":0,"12":0,"13":0,"14":0,"15":0},"fnMap":{"1":{"name":"getModulePath","line":9,"loc":{"start":{"line":9,"column":0},"end":{"line":9,"column":33}}},"2":{"name":"req","line":14,"loc":{"start":{"line":14,"column":0},"end":{"line":14,"column":19}}},"3":{"name":"resolve","line":23,"loc":{"start":{"line":23,"column":0},"end":{"line":23,"column":35}}},"4":{"name":"fillAliasMap","line":36,"loc":{"start":{"line":36,"column":0},"end":{"line":36,"column":39}}},"5":{"name":"(anonymous_5)","line":37,"loc":{"start":{"line":37,"column":20},"end":{"line":37,"column":50}}},"6":{"name":"getChildren","line":47,"loc":{"start":{"line":47,"column":0},"end":{"line":47,"column":40}}},"7":{"name":"realFile","line":63,"loc":{"start":{"line":63,"column":0},"end":{"line":63,"column":21}}},"8":{"name":"reverseSorter","line":68,"loc":{"start":{"line":68,"column":0},"end":{"line":68,"column":35}}},"9":{"name":"(anonymous_9)","line":69,"loc":{"start":{"line":69,"column":8},"end":{"line":69,"column":23}}},"10":{"name":"isPreset","line":76,"loc":{"start":{"line":76,"column":0},"end":{"line":76,"column":24}}},"11":{"name":"isPlugin","line":78,"loc":{"start":{"line":78,"column":0},"end":{"line":78,"column":24}}},"12":{"name":"findAndRemove","line":81,"loc":{"start":{"line":81,"column":0},"end":{"line":81,"column":43}}},"13":{"name":"loadPreset","line":96,"loc":{"start":{"line":96,"column":0},"end":{"line":96,"column":44}}},"14":{"name":"(anonymous_14)","line":108,"loc":{"start":{"line":108,"column":32},"end":{"line":108,"column":49}}},"15":{"name":"(anonymous_15)","line":118,"loc":{"start":{"line":118,"column":32},"end":{"line":118,"column":49}}}},"statementMap":{"1":{"start":{"line":1,"column":0},"end":{"line":1,"column":23}},"2":{"start":{"line":2,"column":0},"end":{"line":2,"column":27}},"3":{"start":{"line":3,"column":0},"end":{"line":3,"column":50}},"4":{"start":{"line":4,"column":0},"end":{"line":4,"column":52}},"5":{"start":{"line":5,"column":0},"end":{"line":5,"column":21}},"6":{"start":{"line":6,"column":0},"end":{"line":6,"column":27}},"7":{"start":{"line":7,"column":0},"end":{"line":7,"column":29}},"8":{"start":{"line":9,"column":0},"end":{"line":11,"column":1}},"9":{"start":{"line":10,"column":1},"end":{"line":10,"column":102}},"10":{"start":{"line":14,"column":0},"end":{"line":20,"column":1}},"11":{"start":{"line":15,"column":1},"end":{"line":19,"column":2}},"12":{"start":{"line":16,"column":2},"end":{"line":16,"column":23}},"13":{"start":{"line":18,"column":2},"end":{"line":18,"column":15}},"14":{"start":{"line":23,"column":0},"end":{"line":31,"column":1}},"15":{"start":{"line":24,"column":1},"end":{"line":24,"column":18}},"16":{"start":{"line":25,"column":1},"end":{"line":29,"column":2}},"17":{"start":{"line":26,"column":2},"end":{"line":26,"column":51}},"18":{"start":{"line":28,"column":2},"end":{"line":28,"column":53}},"19":{"start":{"line":30,"column":1},"end":{"line":30,"column":13}},"20":{"start":{"line":36,"column":0},"end":{"line":44,"column":1}},"21":{"start":{"line":37,"column":1},"end":{"line":43,"column":15}},"22":{"start":{"line":38,"column":2},"end":{"line":38,"column":66}},"23":{"start":{"line":39,"column":2},"end":{"line":41,"column":3}},"24":{"start":{"line":40,"column":3},"end":{"line":40,"column":35}},"25":{"start":{"line":42,"column":2},"end":{"line":42,"column":23}},"26":{"start":{"line":47,"column":0},"end":{"line":60,"column":1}},"27":{"start":{"line":48,"column":1},"end":{"line":48,"column":13}},"28":{"start":{"line":49,"column":1},"end":{"line":54,"column":2}},"29":{"start":{"line":50,"column":2},"end":{"line":50,"column":55}},"30":{"start":{"line":52,"column":2},"end":{"line":52,"column":63}},"31":{"start":{"line":53,"column":2},"end":{"line":53,"column":33}},"32":{"start":{"line":55,"column":1},"end":{"line":57,"column":64}},"33":{"start":{"line":58,"column":1},"end":{"line":58,"column":37}},"34":{"start":{"line":59,"column":1},"end":{"line":59,"column":17}},"35":{"start":{"line":63,"column":0},"end":{"line":65,"column":1}},"36":{"start":{"line":64,"column":1},"end":{"line":64,"column":31}},"37":{"start":{"line":68,"column":0},"end":{"line":74,"column":1}},"38":{"start":{"line":69,"column":1},"end":{"line":73,"column":2}},"39":{"start":{"line":70,"column":2},"end":{"line":71,"column":22}},"40":{"start":{"line":72,"column":2},"end":{"line":72,"column":46}},"41":{"start":{"line":76,"column":0},"end":{"line":76,"column":75}},"42":{"start":{"line":76,"column":26},"end":{"line":76,"column":73}},"43":{"start":{"line":78,"column":0},"end":{"line":78,"column":75}},"44":{"start":{"line":78,"column":26},"end":{"line":78,"column":73}},"45":{"start":{"line":81,"column":0},"end":{"line":90,"column":1}},"46":{"start":{"line":82,"column":1},"end":{"line":89,"column":2}},"47":{"start":{"line":83,"column":2},"end":{"line":84,"column":19}},"48":{"start":{"line":85,"column":2},"end":{"line":88,"column":3}},"49":{"start":{"line":86,"column":3},"end":{"line":86,"column":21}},"50":{"start":{"line":87,"column":3},"end":{"line":87,"column":12}},"51":{"start":{"line":96,"column":0},"end":{"line":141,"column":1}},"52":{"start":{"line":97,"column":1},"end":{"line":98,"column":63}},"53":{"start":{"line":99,"column":1},"end":{"line":99,"column":59}},"54":{"start":{"line":99,"column":11},"end":{"line":99,"column":59}},"55":{"start":{"line":101,"column":1},"end":{"line":101,"column":22}},"56":{"start":{"line":103,"column":1},"end":{"line":105,"column":3}},"57":{"start":{"line":106,"column":1},"end":{"line":114,"column":2}},"58":{"start":{"line":107,"column":2},"end":{"line":107,"column":64}},"59":{"start":{"line":108,"column":2},"end":{"line":113,"column":5}},"60":{"start":{"line":109,"column":3},"end":{"line":111,"column":4}},"61":{"start":{"line":110,"column":4},"end":{"line":110,"column":59}},"62":{"start":{"line":112,"column":3},"end":{"line":112,"column":41}},"63":{"start":{"line":116,"column":1},"end":{"line":139,"column":2}},"64":{"start":{"line":117,"column":2},"end":{"line":117,"column":64}},"65":{"start":{"line":118,"column":2},"end":{"line":138,"column":5}},"66":{"start":{"line":119,"column":3},"end":{"line":119,"column":57}},"67":{"start":{"line":120,"column":3},"end":{"line":128,"column":4}},"68":{"start":{"line":121,"column":4},"end":{"line":127,"column":5}},"69":{"start":{"line":123,"column":5},"end":{"line":123,"column":32}},"70":{"start":{"line":126,"column":5},"end":{"line":126,"column":56}},"71":{"start":{"line":129,"column":3},"end":{"line":129,"column":28}},"72":{"start":{"line":129,"column":14},"end":{"line":129,"column":28}},"73":{"start":{"line":131,"column":3},"end":{"line":131,"column":30}},"74":{"start":{"line":132,"column":3},"end":{"line":132,"column":30}},"75":{"start":{"line":133,"column":3},"end":{"line":136,"column":4}},"76":{"start":{"line":134,"column":4},"end":{"line":134,"column":50}},"77":{"start":{"line":134,"column":18},"end":{"line":134,"column":50}},"78":{"start":{"line":135,"column":4},"end":{"line":135,"column":52}},"79":{"start":{"line":135,"column":24},"end":{"line":135,"column":52}},"80":{"start":{"line":137,"column":3},"end":{"line":137,"column":72}},"81":{"start":{"line":140,"column":1},"end":{"line":140,"column":12}},"82":{"start":{"line":143,"column":0},"end":{"line":143,"column":28}}},"branchMap":{"1":{"line":39,"type":"if","locations":[{"start":{"line":39,"column":2},"end":{"line":39,"column":2}},{"start":{"line":39,"column":2},"end":{"line":39,"column":2}}]},"2":{"line":43,"type":"binary-expr","locations":[{"start":{"line":43,"column":4},"end":{"line":43,"column":7}},{"start":{"line":43,"column":11},"end":{"line":43,"column":13}}]},"3":{"line":55,"type":"binary-expr","locations":[{"start":{"line":55,"column":18},"end":{"line":55,"column":25}},{"start":{"line":55,"column":29},"end":{"line":55,"column":31}}]},"4":{"line":57,"type":"cond-expr","locations":[{"start":{"line":57,"column":41},"end":{"line":57,"column":49}},{"start":{"line":57,"column":52},"end":{"line":57,"column":60}}]},"5":{"line":64,"type":"binary-expr","locations":[{"start":{"line":64,"column":8},"end":{"line":64,"column":9}},{"start":{"line":64,"column":13},"end":{"line":64,"column":30}}]},"6":{"line":72,"type":"cond-expr","locations":[{"start":{"line":72,"column":19},"end":{"line":72,"column":20}},{"start":{"line":72,"column":24},"end":{"line":72,"column":44}}]},"7":{"line":72,"type":"cond-expr","locations":[{"start":{"line":72,"column":29},"end":{"line":72,"column":30}},{"start":{"line":72,"column":33},"end":{"line":72,"column":44}}]},"8":{"line":72,"type":"cond-expr","locations":[{"start":{"line":72,"column":38},"end":{"line":72,"column":40}},{"start":{"line":72,"column":43},"end":{"line":72,"column":44}}]},"9":{"line":76,"type":"binary-expr","locations":[{"start":{"line":76,"column":33},"end":{"line":76,"column":37}},{"start":{"line":76,"column":41},"end":{"line":76,"column":72}}]},"10":{"line":78,"type":"binary-expr","locations":[{"start":{"line":78,"column":33},"end":{"line":78,"column":37}},{"start":{"line":78,"column":41},"end":{"line":78,"column":72}}]},"11":{"line":84,"type":"binary-expr","locations":[{"start":{"line":84,"column":7},"end":{"line":84,"column":8}},{"start":{"line":84,"column":12},"end":{"line":84,"column":18}}]},"12":{"line":85,"type":"if","locations":[{"start":{"line":85,"column":2},"end":{"line":85,"column":2}},{"start":{"line":85,"column":2},"end":{"line":85,"column":2}}]},"13":{"line":85,"type":"binary-expr","locations":[{"start":{"line":85,"column":6},"end":{"line":85,"column":7}},{"start":{"line":85,"column":11},"end":{"line":85,"column":21}}]},"14":{"line":98,"type":"binary-expr","locations":[{"start":{"line":98,"column":24},"end":{"line":98,"column":28}},{"start":{"line":98,"column":32},"end":{"line":98,"column":41}}]},"15":{"line":99,"type":"if","locations":[{"start":{"line":99,"column":1},"end":{"line":99,"column":1}},{"start":{"line":99,"column":1},"end":{"line":99,"column":1}}]},"16":{"line":106,"type":"if","locations":[{"start":{"line":106,"column":1},"end":{"line":106,"column":1}},{"start":{"line":106,"column":1},"end":{"line":106,"column":1}}]},"17":{"line":109,"type":"if","locations":[{"start":{"line":109,"column":3},"end":{"line":109,"column":3}},{"start":{"line":109,"column":3},"end":{"line":109,"column":3}}]},"18":{"line":116,"type":"if","locations":[{"start":{"line":116,"column":1},"end":{"line":116,"column":1}},{"start":{"line":116,"column":1},"end":{"line":116,"column":1}}]},"19":{"line":119,"type":"cond-expr","locations":[{"start":{"line":119,"column":38},"end":{"line":119,"column":47}},{"start":{"line":119,"column":50},"end":{"line":119,"column":56}}]},"20":{"line":120,"type":"if","locations":[{"start":{"line":120,"column":3},"end":{"line":120,"column":3}},{"start":{"line":120,"column":3},"end":{"line":120,"column":3}}]},"21":{"line":121,"type":"if","locations":[{"start":{"line":121,"column":4},"end":{"line":121,"column":4}},{"start":{"line":121,"column":4},"end":{"line":121,"column":4}}]},"22":{"line":129,"type":"if","locations":[{"start":{"line":129,"column":3},"end":{"line":129,"column":3}},{"start":{"line":129,"column":3},"end":{"line":129,"column":3}}]},"23":{"line":133,"type":"if","locations":[{"start":{"line":133,"column":3},"end":{"line":133,"column":3}},{"start":{"line":133,"column":3},"end":{"line":133,"column":3}}]},"24":{"line":134,"type":"if","locations":[{"start":{"line":134,"column":4},"end":{"line":134,"column":4}},{"start":{"line":134,"column":4},"end":{"line":134,"column":4}}]},"25":{"line":135,"type":"if","locations":[{"start":{"line":135,"column":4},"end":{"line":135,"column":4}},{"start":{"line":135,"column":4},"end":{"line":135,"column":4}}]},"26":{"line":137,"type":"cond-expr","locations":[{"start":{"line":137,"column":34},"end":{"line":137,"column":64}},{"start":{"line":137,"column":67},"end":{"line":137,"column":71}}]}},"code":["var fs = require('fs');","var path = require('path');","var requireRelative = require('require-relative');","var normalizePreset = require('./normalize-preset');","var join = path.join;","var dirname = path.dirname;","var relative = path.relative;","","function getModulePath(filepath) {","\treturn filepath.replace(/(.*([\\\\/]node_modules|\\.\\.)[\\\\/](@[^\\\\/]+[\\\\/])?[^\\\\/]+)([\\\\/].*)?$/g, '$1')","}","","// Attempt to require a module, returning false on error","function req(name) {","\ttry {","\t\treturn require(name);","\t} catch (err) {","\t\treturn false;","\t}","}","","// Attempt to resolve a module, returning `undefined` on error","function resolve(name, relativeTo) {","\tvar path = false;","\ttry {","\t\tpath = requireRelative.resolve(name, relativeTo);","\t} catch (err) {","\t\tconsole.log('resolve failed for \"'+name+'\": '+err);","\t}","\treturn path;","}","","// fast npm always use symlink","// and it resulted in module duplicated","// or alias","function fillAliasMap(path, list, map) {","\treturn list.reduce(function (symlinkedList, mod) {","\t\tvar realPath = relative(path, fs.realpathSync(join(path, mod)));","\t\tif (realPath !== mod) {","\t\t\tsymlinkedList[realPath] = (mod);","\t\t}","\t\treturn symlinkedList;","\t}, map || {});","}","","// Get a list of child module names for the given module path","function getChildren(path, type, alias) {","\tvar modules;","\ttry {","\t\tmodules = fs.readdirSync(join(path, 'node_modules'));","\t} catch (err) {","\t\tpath = path.replace(/([\\\\/]node_modules)([\\\\/].*)?$/g, '$1');","\t\tmodules = fs.readdirSync(path);","\t}","\tvar children =  (modules || [])","\t\t.filter( realFile )","\t\t.sort( reverseSorter(type==='plugin' ? isPlugin : isPreset) );","\tfillAliasMap(path, children, alias);","\treturn children;","}","","// is a filename an actual file","function realFile(f) {","\treturn f && f.charAt(0)!=='.';","}","","// ascending sort based on the truthiness of a function","function reverseSorter(comparison) {","\treturn function(a, b) {","\t\tvar ca = comparison(a),","\t\t\tcb = comparison(b);","\t\treturn ca===cb ? 0 : (ca ? 1 : cb ? -1 : 0);","\t}","}","","function isPreset(name) { return name && name.match(/^babel\\-preset\\-/g); }","","function isPlugin(name) { return name && name.match(/^babel\\-plugin\\-/g); }","","// find the matching module *instance* in a list of module paths, remove and return it","function findAndRemove(preset, path, list) {","\tfor (var i=list.length; i--; ) {","\t\tvar p = resolve(list[i], path),","\t\t\tv = p && req(p);","\t\tif (v && v===preset) {","\t\t\tlist.splice(i, 1);","\t\t\treturn p;","\t\t}","\t}","}","","/** Resolve & serialize a Babel preset to a filename-based representation."," *\tNested filepaths are relative to `relativeTo` if specified."," *\tPresets referenced as Strings (uncommon) are treated as dependencies of the preset that returned them."," */","function loadPreset(name, opts, relativeTo) {","\tvar path = resolve(name, relativeTo),","\t\tmod = normalizePreset(path && req(path), null, opts.options);","\tif (!mod) throw new Error('Preset \"'+name+'\" not found.');","","\tpath = dirname(path);","","\tvar out = {","\t\talias: {}","\t};","\tif (mod.presets) {","\t\tvar availablePresets = getChildren(path, 'preset', out.alias);","\t\tout.presets = mod.presets.map(function(preset) {","\t\t\tif (typeof preset!=='string') {","\t\t\t\tpreset = findAndRemove(preset, path, availablePresets);","\t\t\t}","\t\t\treturn loadPreset(preset, opts, path);","\t\t});","\t}","","\tif (mod.plugins) {","\t\tvar availablePlugins = getChildren(path, 'plugin', out.alias);","\t\tout.plugins = mod.plugins.map(function(plugin) {","\t\t\tvar name = Array.isArray(plugin) ? plugin[0] : plugin;","\t\t\tif (typeof name!=='string') {","\t\t\t\tif (name._original_name) {","\t\t\t\t\t// console.log('using _original_name: ', name._original_name);","\t\t\t\t\tname = name._original_name;","\t\t\t\t}","\t\t\t\telse {","\t\t\t\t\tname = findAndRemove(name, path, availablePlugins);","\t\t\t\t}","\t\t\t}","\t\t\tif (!name) return plugin;","","\t\t\tname = resolve(name, path);","\t\t\tname = getModulePath(name);","\t\t\tif (opts) {","\t\t\t\tif (opts.cwd) name = relative(opts.cwd, name);","\t\t\t\tif (opts.transform) name = opts.transform(name);","\t\t\t}","\t\t\treturn Array.isArray(plugin) ? [name].concat(plugin.slice(1)) : name;","\t\t});","\t}","\treturn out;","}","","module.exports = loadPreset;",""],"l":{"1":1,"2":1,"3":1,"4":1,"5":1,"6":1,"7":1,"9":1,"10":0,"14":1,"15":0,"16":0,"18":0,"23":1,"24":0,"25":0,"26":0,"28":0,"30":0,"36":1,"37":0,"38":0,"39":0,"40":0,"42":0,"47":1,"48":0,"49":0,"50":0,"52":0,"53":0,"55":0,"58":0,"59":0,"63":1,"64":0,"68":1,"69":0,"70":0,"72":0,"76":1,"78":1,"81":1,"82":0,"83":0,"85":0,"86":0,"87":0,"96":1,"97":0,"99":0,"101":0,"103":0,"106":0,"107":0,"108":0,"109":0,"110":0,"112":0,"116":0,"117":0,"118":0,"119":0,"120":0,"121":0,"123":0,"126":0,"129":0,"131":0,"132":0,"133":0,"134":0,"135":0,"137":0,"140":0,"143":1}},"/home/travis/build/npmtest/node-npmtest-modify-babel-preset/node_modules/modify-babel-preset/lib/normalize-preset.js":{"path":"/home/travis/build/npmtest/node-npmtest-modify-babel-preset/node_modules/modify-babel-preset/lib/normalize-preset.js","s":{"1":1,"2":1,"3":1,"4":1,"5":0,"6":0,"7":0,"8":0,"9":0,"10":0,"11":0},"b":{"1":[0,0],"2":[0,0],"3":[0,0,0],"4":[0,0],"5":[0,0]},"f":{"1":0},"fnMap":{"1":{"name":"normalizePreset","line":4,"loc":{"start":{"line":4,"column":17},"end":{"line":4,"column":68}}}},"statementMap":{"1":{"start":{"line":1,"column":0},"end":{"line":1,"column":14}},"2":{"start":{"line":2,"column":0},"end":{"line":2,"column":56}},"3":{"start":{"line":2,"column":6},"end":{"line":2,"column":40}},"4":{"start":{"line":4,"column":0},"end":{"line":16,"column":2}},"5":{"start":{"line":5,"column":1},"end":{"line":5,"column":35}},"6":{"start":{"line":5,"column":15},"end":{"line":5,"column":35}},"7":{"start":{"line":7,"column":1},"end":{"line":9,"column":2}},"8":{"start":{"line":8,"column":2},"end":{"line":8,"column":30}},"9":{"start":{"line":11,"column":1},"end":{"line":13,"column":2}},"10":{"start":{"line":12,"column":2},"end":{"line":12,"column":42}},"11":{"start":{"line":15,"column":1},"end":{"line":15,"column":15}}},"branchMap":{"1":{"line":5,"type":"if","locations":[{"start":{"line":5,"column":1},"end":{"line":5,"column":1}},{"start":{"line":5,"column":1},"end":{"line":5,"column":1}}]},"2":{"line":7,"type":"if","locations":[{"start":{"line":7,"column":1},"end":{"line":7,"column":1}},{"start":{"line":7,"column":1},"end":{"line":7,"column":1}}]},"3":{"line":7,"type":"binary-expr","locations":[{"start":{"line":7,"column":5},"end":{"line":7,"column":11}},{"start":{"line":7,"column":15},"end":{"line":7,"column":39}},{"start":{"line":7,"column":43},"end":{"line":7,"column":61}}]},"4":{"line":11,"type":"if","locations":[{"start":{"line":11,"column":1},"end":{"line":11,"column":1}},{"start":{"line":11,"column":1},"end":{"line":11,"column":1}}]},"5":{"line":12,"type":"binary-expr","locations":[{"start":{"line":12,"column":27},"end":{"line":12,"column":34}},{"start":{"line":12,"column":38},"end":{"line":12,"column":40}}]}},"code":["var babelCore;","try { babelCore = require('babel-core'); } catch(err) {}","","module.exports = function normalizePreset(preset, context, options) {","\tif (!context) context = babelCore;","","\tif (preset && typeof preset==='object' && preset.buildPreset) {","\t\tpreset = preset.buildPreset;","\t}","","\tif (typeof preset==='function') {","\t\tpreset = preset(context, options || {});","\t}","","\treturn preset;","};",""],"l":{"1":1,"2":1,"4":1,"5":0,"7":0,"8":0,"11":0,"12":0,"15":0}},"/home/travis/build/npmtest/node-npmtest-modify-babel-preset/node_modules/modify-babel-preset/lib/flatten.js":{"path":"/home/travis/build/npmtest/node-npmtest-modify-babel-preset/node_modules/modify-babel-preset/lib/flatten.js","s":{"1":1,"2":0,"3":0,"4":0,"5":0,"6":0,"7":0},"b":{"1":[0,0],"2":[0,0],"3":[0,0]},"f":{"1":0,"2":0},"fnMap":{"1":{"name":"flatten","line":1,"loc":{"start":{"line":1,"column":17},"end":{"line":1,"column":42}}},"2":{"name":"(anonymous_2)","line":4,"loc":{"start":{"line":4,"column":32},"end":{"line":4,"column":48}}}},"statementMap":{"1":{"start":{"line":1,"column":0},"end":{"line":10,"column":2}},"2":{"start":{"line":2,"column":1},"end":{"line":2,"column":47}},"3":{"start":{"line":4,"column":1},"end":{"line":7,"column":4}},"4":{"start":{"line":5,"column":2},"end":{"line":5,"column":32}},"5":{"start":{"line":6,"column":2},"end":{"line":6,"column":51}},"6":{"start":{"line":6,"column":16},"end":{"line":6,"column":51}},"7":{"start":{"line":9,"column":1},"end":{"line":9,"column":16}}},"branchMap":{"1":{"line":2,"type":"binary-expr","locations":[{"start":{"line":2,"column":25},"end":{"line":2,"column":39}},{"start":{"line":2,"column":43},"end":{"line":2,"column":45}}]},"2":{"line":4,"type":"binary-expr","locations":[{"start":{"line":4,"column":2},"end":{"line":4,"column":16}},{"start":{"line":4,"column":20},"end":{"line":4,"column":22}}]},"3":{"line":6,"type":"if","locations":[{"start":{"line":6,"column":2},"end":{"line":6,"column":2}},{"start":{"line":6,"column":2},"end":{"line":6,"column":2}}]}},"code":["module.exports = function flatten(preset) {","\tvar plugins = [].concat(preset.plugins || []);","","\t(preset.presets || []).forEach(function(child) {","\t\tvar children = flatten(child);","\t\tif (children) plugins = plugins.concat(children);","\t});","","\treturn plugins;","};",""],"l":{"1":1,"2":0,"4":0,"5":0,"6":0,"9":0}}}